TN:
SF:middleware\apiRateLimit.js
FN:18,(anonymous_0)
FN:41,(anonymous_1)
FN:54,(anonymous_2)
FN:76,(anonymous_3)
FN:92,(anonymous_4)
FN:99,(anonymous_5)
FNF:6
FNH:0
FNDA:0,(anonymous_0)
FNDA:0,(anonymous_1)
FNDA:0,(anonymous_2)
FNDA:0,(anonymous_3)
FNDA:0,(anonymous_4)
FNDA:0,(anonymous_5)
DA:4,0
DA:5,0
DA:16,0
DA:20,0
DA:21,0
DA:24,0
DA:27,0
DA:28,0
DA:32,0
DA:33,0
DA:37,0
DA:42,0
DA:43,0
DA:46,0
DA:55,0
DA:56,0
DA:58,0
DA:78,0
DA:86,0
DA:93,0
DA:94,0
DA:96,0
DA:100,0
DA:109,0
LF:24
LH:0
BRDA:20,0,0,0
BRDA:20,0,1,0
BRDA:20,1,0,0
BRDA:20,1,1,0
BRDA:27,2,0,0
BRDA:27,2,1,0
BRDA:32,3,0,0
BRDA:32,3,1,0
BRDA:42,4,0,0
BRDA:42,4,1,0
BRDA:42,5,0,0
BRDA:42,5,1,0
BRDA:55,6,0,0
BRDA:55,6,1,0
BRDA:64,7,0,0
BRDA:64,7,1,0
BRDA:68,8,0,0
BRDA:68,8,1,0
BRDA:93,9,0,0
BRDA:93,9,1,0
BRDA:93,10,0,0
BRDA:93,10,1,0
BRF:22
BRH:0
end_of_record
TN:
SF:middleware\checkSubscription.js
FN:8,createCheckSubscription
FN:9,checkSubscription
FN:43,(anonymous_2)
FN:98,(anonymous_3)
FNF:4
FNH:0
FNDA:0,createCheckSubscription
FNDA:0,checkSubscription
FNDA:0,(anonymous_2)
FNDA:0,(anonymous_3)
DA:4,0
DA:5,0
DA:8,0
DA:9,0
DA:11,0
DA:12,0
DA:13,0
DA:16,0
DA:18,0
DA:19,0
DA:22,0
DA:23,0
DA:25,0
DA:26,0
DA:29,0
DA:32,0
DA:43,0
DA:44,0
DA:47,0
DA:50,0
DA:51,0
DA:54,0
DA:55,0
DA:56,0
DA:57,0
DA:67,0
DA:68,0
DA:72,0
DA:73,0
DA:74,0
DA:78,0
DA:79,0
DA:80,0
DA:90,0
DA:91,0
DA:94,0
DA:97,0
DA:98,0
DA:100,0
DA:101,0
DA:104,0
DA:105,0
LF:42
LH:0
BRDA:11,0,0,0
BRDA:11,0,1,0
BRDA:18,1,0,0
BRDA:18,1,1,0
BRDA:25,2,0,0
BRDA:25,2,1,0
BRDA:29,3,0,0
BRDA:29,3,1,0
BRDA:54,4,0,0
BRDA:54,4,1,0
BRDA:55,5,0,0
BRDA:55,5,1,0
BRDA:72,6,0,0
BRDA:72,6,1,0
BRDA:78,7,0,0
BRDA:78,7,1,0
BRDA:100,8,0,0
BRDA:100,8,1,0
BRF:18
BRH:0
end_of_record
TN:
SF:middleware\rateLimiter.js
FN:16,(anonymous_0)
FN:41,(anonymous_1)
FN:54,(anonymous_2)
FN:67,(anonymous_3)
FN:92,(anonymous_4)
FN:95,createDynamicLimiter
FN:102,(anonymous_6)
FN:113,(anonymous_7)
FN:117,skipForPremium
FNF:9
FNH:2
FNDA:0,(anonymous_0)
FNDA:0,(anonymous_1)
FNDA:0,(anonymous_2)
FNDA:0,(anonymous_3)
FNDA:0,(anonymous_4)
FNDA:3,createDynamicLimiter
FNDA:0,(anonymous_6)
FNDA:0,(anonymous_7)
FNDA:8,skipForPremium
DA:4,1
DA:6,1
DA:16,0
DA:19,1
DA:31,1
DA:41,0
DA:44,1
DA:54,0
DA:57,1
DA:67,0
DA:70,1
DA:82,1
DA:92,0
DA:96,3
DA:97,3
DA:98,3
DA:100,3
DA:103,0
DA:104,0
DA:105,0
DA:113,0
DA:118,8
DA:119,8
DA:122,1
LF:24
LH:15
BRDA:16,0,0,0
BRDA:16,0,1,0
BRDA:41,1,0,0
BRDA:41,1,1,0
BRDA:54,2,0,0
BRDA:54,2,1,0
BRDA:67,3,0,0
BRDA:67,3,1,0
BRDA:92,4,0,0
BRDA:92,4,1,0
BRDA:97,5,0,3
BRDA:97,5,1,2
BRDA:98,6,0,3
BRDA:98,6,1,2
BRDA:103,7,0,0
BRDA:103,7,1,0
BRDA:105,8,0,0
BRDA:105,8,1,0
BRDA:113,9,0,0
BRDA:113,9,1,0
BRDA:118,10,0,8
BRDA:118,10,1,3
BRF:22
BRH:6
end_of_record
TN:
SF:middleware\requireFeature.js
FN:17,requireFeature
FN:18,(anonymous_1)
FNF:2
FNH:0
FNDA:0,requireFeature
FNDA:0,(anonymous_1)
DA:5,0
DA:6,0
DA:7,0
DA:18,0
DA:21,0
DA:23,0
DA:24,0
DA:25,0
DA:33,0
DA:34,0
DA:36,0
DA:39,0
DA:43,0
DA:44,0
DA:45,0
DA:52,0
DA:53,0
DA:56,0
DA:57,0
DA:59,0
DA:62,0
DA:64,0
DA:78,0
DA:81,0
DA:82,0
DA:83,0
DA:85,0
DA:86,0
DA:89,0
DA:91,0
DA:92,0
DA:95,0
DA:108,0
DA:110,0
LF:34
LH:0
BRDA:23,0,0,0
BRDA:23,0,1,0
BRDA:43,1,0,0
BRDA:43,1,1,0
BRDA:52,2,0,0
BRDA:52,2,1,0
BRDA:56,3,0,0
BRDA:56,3,1,0
BRDA:91,4,0,0
BRDA:91,4,1,0
BRF:10
BRH:0
end_of_record
TN:
SF:middleware\requireOrgAdmin.js
FN:11,requireOrgAdmin
FNF:1
FNH:0
FNDA:0,requireOrgAdmin
DA:4,0
DA:5,0
DA:12,0
DA:13,0
DA:14,0
DA:16,0
DA:17,0
DA:23,0
DA:24,0
DA:31,0
DA:37,0
DA:38,0
DA:44,0
DA:45,0
DA:52,0
DA:53,0
DA:56,0
DA:57,0
DA:65,0
LF:19
LH:0
BRDA:14,0,0,0
BRDA:14,0,1,0
BRDA:16,1,0,0
BRDA:16,1,1,0
BRDA:23,2,0,0
BRDA:23,2,1,0
BRDA:37,3,0,0
BRDA:37,3,1,0
BRDA:44,4,0,0
BRDA:44,4,1,0
BRF:10
BRH:0
end_of_record
TN:
SF:middleware\requirePremium.js
FN:15,(anonymous_0)
FNF:1
FNH:0
FNDA:0,(anonymous_0)
DA:5,0
DA:6,0
DA:7,0
DA:8,0
DA:15,0
DA:16,0
DA:18,0
DA:19,0
DA:22,0
DA:26,0
DA:27,0
DA:34,0
DA:37,0
DA:38,0
DA:40,0
DA:65,0
DA:68,0
DA:69,0
DA:70,0
DA:73,0
DA:76,0
DA:78,0
DA:86,0
LF:23
LH:0
BRDA:26,0,0,0
BRDA:26,0,1,0
BRDA:34,1,0,0
BRDA:34,1,1,0
BRDA:37,2,0,0
BRDA:37,2,1,0
BRF:6
BRH:0
end_of_record
TN:
SF:middleware\validateLegalPulseInput.js
FN:30,sanitizeString
FN:43,validateLegalPulseQuery
FN:105,validateLegalPulseBody
FN:132,(anonymous_3)
FN:160,validateLegalPulseInput
FNF:5
FNH:0
FNDA:0,sanitizeString
FNDA:0,validateLegalPulseQuery
FNDA:0,validateLegalPulseBody
FNDA:0,(anonymous_3)
FNDA:0,validateLegalPulseInput
DA:5,0
DA:23,0
DA:24,0
DA:25,0
DA:31,0
DA:34,0
DA:44,0
DA:47,0
DA:48,0
DA:55,0
DA:56,0
DA:63,0
DA:64,0
DA:71,0
DA:72,0
DA:73,0
DA:74,0
DA:79,0
DA:83,0
DA:84,0
DA:85,0
DA:86,0
DA:91,0
DA:95,0
DA:96,0
DA:99,0
DA:106,0
DA:109,0
DA:110,0
DA:117,0
DA:118,0
DA:125,0
DA:126,0
DA:127,0
DA:132,0
DA:133,0
DA:134,0
DA:143,0
DA:144,0
DA:145,0
DA:146,0
DA:151,0
DA:154,0
DA:161,0
DA:162,0
DA:163,0
DA:164,0
DA:166,0
DA:169,0
LF:49
LH:0
BRDA:31,0,0,0
BRDA:31,0,1,0
BRDA:47,1,0,0
BRDA:47,1,1,0
BRDA:47,2,0,0
BRDA:47,2,1,0
BRDA:55,3,0,0
BRDA:55,3,1,0
BRDA:55,4,0,0
BRDA:55,4,1,0
BRDA:63,5,0,0
BRDA:63,5,1,0
BRDA:63,6,0,0
BRDA:63,6,1,0
BRDA:71,7,0,0
BRDA:71,7,1,0
BRDA:73,8,0,0
BRDA:73,8,1,0
BRDA:73,9,0,0
BRDA:73,9,1,0
BRDA:73,9,2,0
BRDA:83,10,0,0
BRDA:83,10,1,0
BRDA:85,11,0,0
BRDA:85,11,1,0
BRDA:85,12,0,0
BRDA:85,12,1,0
BRDA:95,13,0,0
BRDA:95,13,1,0
BRDA:109,14,0,0
BRDA:109,14,1,0
BRDA:109,15,0,0
BRDA:109,15,1,0
BRDA:117,16,0,0
BRDA:117,16,1,0
BRDA:117,17,0,0
BRDA:117,17,1,0
BRDA:125,18,0,0
BRDA:125,18,1,0
BRDA:126,19,0,0
BRDA:126,19,1,0
BRDA:133,20,0,0
BRDA:133,20,1,0
BRDA:143,21,0,0
BRDA:143,21,1,0
BRDA:145,22,0,0
BRDA:145,22,1,0
BRDA:145,23,0,0
BRDA:145,23,1,0
BRDA:145,23,2,0
BRDA:161,24,0,0
BRDA:161,24,1,0
BRDA:163,25,0,0
BRDA:163,25,1,0
BRF:54
BRH:0
end_of_record
TN:
SF:middleware\verifyAdmin.js
FN:13,(anonymous_0)
FNF:1
FNH:0
FNDA:0,(anonymous_0)
DA:4,0
DA:13,0
DA:14,0
DA:16,0
DA:17,0
DA:24,0
DA:25,0
DA:27,0
DA:30,0
DA:35,0
DA:38,0
DA:39,0
DA:46,0
DA:47,0
DA:48,0
DA:56,0
DA:57,0
DA:59,0
DA:61,0
DA:64,0
DA:65,0
DA:73,0
LF:22
LH:0
BRDA:16,0,0,0
BRDA:16,0,1,0
BRDA:16,1,0,0
BRDA:16,1,1,0
BRDA:38,2,0,0
BRDA:38,2,1,0
BRDA:46,3,0,0
BRDA:46,3,1,0
BRF:8
BRH:0
end_of_record
TN:
SF:middleware\verifyApiKey.js
FN:13,(anonymous_0)
FN:28,hashApiKey
FN:40,verifyApiKey
FN:146,(anonymous_3)
FNF:4
FNH:0
FNDA:0,(anonymous_0)
FNDA:0,hashApiKey
FNDA:0,verifyApiKey
FNDA:0,(anonymous_3)
DA:4,0
DA:5,0
DA:6,0
DA:9,0
DA:13,0
DA:14,0
DA:15,0
DA:16,0
DA:17,0
DA:18,0
DA:19,0
DA:21,0
DA:29,0
DA:41,0
DA:43,0
DA:46,0
DA:47,0
DA:48,0
DA:49,0
DA:50,0
DA:55,0
DA:56,0
DA:60,0
DA:61,0
DA:69,0
DA:70,0
DA:78,0
DA:81,0
DA:86,0
DA:87,0
DA:88,0
DA:96,0
DA:97,0
DA:105,0
DA:107,0
DA:108,0
DA:109,0
DA:116,0
DA:117,0
DA:118,0
DA:129,0
DA:136,0
DA:143,0
DA:146,0
DA:148,0
DA:149,0
DA:152,0
DA:153,0
DA:161,0
LF:49
LH:0
BRDA:47,0,0,0
BRDA:47,0,1,0
BRDA:47,1,0,0
BRDA:47,1,1,0
BRDA:49,2,0,0
BRDA:49,2,1,0
BRDA:55,3,0,0
BRDA:55,3,1,0
BRDA:55,4,0,0
BRDA:55,4,1,0
BRDA:60,5,0,0
BRDA:60,5,1,0
BRDA:69,6,0,0
BRDA:69,6,1,0
BRDA:86,7,0,0
BRDA:86,7,1,0
BRDA:96,8,0,0
BRDA:96,8,1,0
BRDA:96,9,0,0
BRDA:96,9,1,0
BRDA:107,10,0,0
BRDA:107,10,1,0
BRDA:116,11,0,0
BRDA:116,11,1,0
BRDA:117,12,0,0
BRDA:117,12,1,0
BRDA:132,13,0,0
BRDA:132,13,1,0
BRF:28
BRH:0
end_of_record
TN:
SF:middleware\verifyEmailImportKey.js
FN:15,verifyEmailImportKey
FN:47,(anonymous_1)
FNF:2
FNH:0
FNDA:0,verifyEmailImportKey
FNDA:0,(anonymous_1)
DA:4,0
DA:6,0
DA:10,0
DA:16,0
DA:17,0
DA:20,0
DA:21,0
DA:23,0
DA:24,0
DA:25,0
DA:31,0
DA:32,0
DA:37,0
DA:44,0
DA:45,0
DA:47,0
DA:49,0
DA:52,0
DA:53,0
DA:57,0
DA:65,0
DA:66,0
DA:69,0
LF:23
LH:0
BRDA:10,0,0,0
BRDA:10,0,1,0
BRDA:17,1,0,0
BRDA:17,1,1,0
BRDA:21,2,0,0
BRDA:21,2,1,0
BRDA:23,3,0,0
BRDA:23,3,1,0
BRDA:31,4,0,0
BRDA:31,4,1,0
BRDA:33,5,0,0
BRDA:33,5,1,0
BRDA:34,6,0,0
BRDA:34,6,1,0
BRDA:35,7,0,0
BRDA:35,7,1,0
BRDA:44,8,0,0
BRDA:44,8,1,0
BRDA:45,9,0,0
BRDA:45,9,1,0
BRDA:45,9,2,0
BRDA:49,10,0,0
BRDA:49,10,1,0
BRDA:52,11,0,0
BRDA:52,11,1,0
BRF:25
BRH:0
end_of_record
TN:
SF:middleware\verifyIntegrationWebhook.js
FN:13,(anonymous_0)
FN:29,verifySalesforceSignature
FN:46,verifyHubSpotSignature
FN:67,verifySAPSignature
FN:90,verifyGenericHMACSignature
FN:115,verifyIntegrationWebhook
FN:116,(anonymous_6)
FN:374,sanitizeHeaders
FN:386,(anonymous_8)
FN:398,updateWebhookEvent
FN:412,addWebhookAction
FN:429,completeWebhookEvent
FNF:12
FNH:0
FNDA:0,(anonymous_0)
FNDA:0,verifySalesforceSignature
FNDA:0,verifyHubSpotSignature
FNDA:0,verifySAPSignature
FNDA:0,verifyGenericHMACSignature
FNDA:0,verifyIntegrationWebhook
FNDA:0,(anonymous_6)
FNDA:0,sanitizeHeaders
FNDA:0,(anonymous_8)
FNDA:0,updateWebhookEvent
FNDA:0,addWebhookAction
FNDA:0,completeWebhookEvent
DA:5,0
DA:6,0
DA:9,0
DA:13,0
DA:14,0
DA:15,0
DA:16,0
DA:17,0
DA:18,0
DA:19,0
DA:21,0
DA:31,0
DA:36,0
DA:48,0
DA:49,0
DA:55,0
DA:57,0
DA:69,0
DA:70,0
DA:71,0
DA:72,0
DA:73,0
DA:74,0
DA:78,0
DA:79,0
DA:80,0
DA:83,0
DA:91,0
DA:97,0
DA:98,0
DA:99,0
DA:102,0
DA:103,0
DA:108,0
DA:116,0
DA:117,0
DA:118,0
DA:120,0
DA:121,0
DA:124,0
DA:127,0
DA:148,0
DA:149,0
DA:152,0
DA:153,0
DA:157,0
DA:158,0
DA:162,0
DA:163,0
DA:167,0
DA:168,0
DA:176,0
DA:177,0
DA:182,0
DA:183,0
DA:187,0
DA:188,0
DA:189,0
DA:190,0
DA:193,0
DA:195,0
DA:202,0
DA:205,0
DA:206,0
DA:208,0
DA:210,0
DA:212,0
DA:213,0
DA:214,0
DA:215,0
DA:217,0
DA:218,0
DA:220,0
DA:223,0
DA:224,0
DA:225,0
DA:226,0
DA:234,0
DA:235,0
DA:236,0
DA:238,0
DA:243,0
DA:248,0
DA:256,0
DA:259,0
DA:260,0
DA:261,0
DA:262,0
DA:263,0
DA:265,0
DA:268,0
DA:269,0
DA:270,0
DA:271,0
DA:276,0
DA:278,0
DA:285,0
DA:288,0
DA:293,0
DA:294,0
DA:296,0
DA:302,0
DA:303,0
DA:304,0
DA:305,0
DA:306,0
DA:307,0
DA:309,0
DA:319,0
DA:320,0
DA:321,0
DA:324,0
DA:333,0
DA:336,0
DA:339,0
DA:340,0
DA:359,0
DA:362,0
DA:375,0
DA:376,0
DA:386,0
DA:387,0
DA:388,0
DA:392,0
DA:399,0
DA:400,0
DA:405,0
DA:413,0
DA:414,0
DA:422,0
DA:430,0
DA:431,0
DA:437,0
DA:438,0
DA:444,0
DA:446,0
DA:450,0
LF:137
LH:0
BRDA:70,0,0,0
BRDA:70,0,1,0
BRDA:70,1,0,0
BRDA:70,1,1,0
BRDA:74,2,0,0
BRDA:74,2,1,0
BRDA:78,3,0,0
BRDA:78,3,1,0
BRDA:79,4,0,0
BRDA:79,4,1,0
BRDA:79,5,0,0
BRDA:79,5,1,0
BRDA:90,6,0,0
BRDA:98,7,0,0
BRDA:98,7,1,0
BRDA:131,8,0,0
BRDA:131,8,1,0
BRDA:131,8,2,0
BRDA:131,8,3,0
BRDA:142,9,0,0
BRDA:142,9,1,0
BRDA:152,10,0,0
BRDA:152,10,1,0
BRDA:157,11,0,0
BRDA:157,11,1,0
BRDA:157,12,0,0
BRDA:157,12,1,0
BRDA:162,13,0,0
BRDA:162,13,1,0
BRDA:162,14,0,0
BRDA:162,14,1,0
BRDA:167,15,0,0
BRDA:167,15,1,0
BRDA:176,16,0,0
BRDA:176,16,1,0
BRDA:176,17,0,0
BRDA:176,17,1,0
BRDA:182,18,0,0
BRDA:182,18,1,0
BRDA:187,19,0,0
BRDA:187,19,1,0
BRDA:210,20,0,0
BRDA:210,20,1,0
BRDA:210,20,2,0
BRDA:210,20,3,0
BRDA:210,20,4,0
BRDA:210,20,5,0
BRDA:210,20,6,0
BRDA:210,20,7,0
BRDA:210,20,8,0
BRDA:210,20,9,0
BRDA:212,21,0,0
BRDA:212,21,1,0
BRDA:213,22,0,0
BRDA:213,22,1,0
BRDA:213,23,0,0
BRDA:213,23,1,0
BRDA:215,24,0,0
BRDA:215,24,1,0
BRDA:223,25,0,0
BRDA:223,25,1,0
BRDA:225,26,0,0
BRDA:225,26,1,0
BRDA:225,27,0,0
BRDA:225,27,1,0
BRDA:225,27,2,0
BRDA:234,28,0,0
BRDA:234,28,1,0
BRDA:256,29,0,0
BRDA:256,29,1,0
BRDA:256,29,2,0
BRDA:259,30,0,0
BRDA:259,30,1,0
BRDA:259,31,0,0
BRDA:259,31,1,0
BRDA:261,32,0,0
BRDA:261,32,1,0
BRDA:268,33,0,0
BRDA:268,33,1,0
BRDA:288,34,0,0
BRDA:288,34,1,0
BRDA:288,34,2,0
BRDA:288,34,3,0
BRDA:293,35,0,0
BRDA:293,35,1,0
BRDA:302,36,0,0
BRDA:302,36,1,0
BRDA:387,37,0,0
BRDA:387,37,1,0
BRDA:429,38,0,0
BRDA:429,39,0,0
BRDA:432,40,0,0
BRDA:432,40,1,0
BRDA:437,41,0,0
BRDA:437,41,1,0
BRDA:439,42,0,0
BRDA:439,42,1,0
BRF:97
BRH:0
end_of_record
TN:
SF:middleware\verifyOrgAccess.js
FN:12,verifyOrgAccess
FNF:1
FNH:0
FNDA:0,verifyOrgAccess
DA:4,0
DA:5,0
DA:13,0
DA:14,0
DA:15,0
DA:17,0
DA:18,0
DA:24,0
DA:26,0
DA:30,0
DA:31,0
DA:33,0
DA:34,0
DA:35,0
DA:36,0
DA:40,0
DA:41,0
DA:42,0
DA:49,0
DA:50,0
DA:51,0
DA:55,0
DA:56,0
DA:62,0
DA:64,0
DA:65,0
DA:66,0
DA:71,0
DA:72,0
DA:78,0
DA:82,0
DA:83,0
DA:91,0
LF:33
LH:0
BRDA:15,0,0,0
BRDA:15,0,1,0
BRDA:17,1,0,0
BRDA:17,1,1,0
BRDA:24,2,0,0
BRDA:24,2,1,0
BRDA:40,3,0,0
BRDA:40,3,1,0
BRDA:49,4,0,0
BRDA:49,4,1,0
BRDA:49,5,0,0
BRDA:49,5,1,0
BRDA:55,6,0,0
BRDA:55,6,1,0
BRDA:62,7,0,0
BRDA:62,7,1,0
BRF:16
BRH:0
end_of_record
TN:
SF:middleware\verifyToken.js
FN:18,(anonymous_0)
FNF:1
FNH:1
FNDA:8,(anonymous_0)
DA:2,1
DA:5,1
DA:6,1
DA:9,1
DA:18,1
DA:20,8
DA:21,1
DA:22,1
DA:25,7
DA:26,7
DA:27,7
DA:28,7
DA:29,7
DA:32,7
DA:33,7
DA:36,7
DA:37,5
DA:38,5
DA:42,2
DA:43,1
DA:44,1
DA:52,7
DA:53,1
DA:54,1
DA:58,6
DA:59,6
DA:60,4
DA:61,4
DA:62,4
DA:65,4
DA:66,4
DA:68,4
DA:70,1
DA:77,1
DA:78,1
DA:82,1
DA:84,1
DA:87,4
DA:88,4
DA:90,2
DA:91,2
LF:41
LH:41
BRDA:15,0,0,1
BRDA:15,0,1,0
BRDA:20,1,0,1
BRDA:20,1,1,7
BRDA:26,2,0,7
BRDA:26,2,1,0
BRDA:36,3,0,5
BRDA:36,3,1,2
BRDA:42,4,0,1
BRDA:42,4,1,1
BRDA:52,5,0,1
BRDA:52,5,1,6
BRDA:68,6,0,1
BRDA:68,6,1,3
BRDA:68,7,0,4
BRDA:68,7,1,1
BRDA:77,8,0,1
BRDA:77,8,1,0
BRDA:87,9,0,4
BRDA:87,9,1,0
BRF:20
BRH:16
end_of_record
TN:
SF:services\activityLogger.js
FN:35,logActivity
FN:70,logActivityStandalone
FN:89,getRecentActivities
FN:136,getActivityStats
FN:151,(anonymous_4)
FN:166,(anonymous_5)
FN:167,(anonymous_6)
FN:179,cleanupOldLogs
FNF:8
FNH:0
FNDA:0,logActivity
FNDA:0,logActivityStandalone
FNDA:0,getRecentActivities
FNDA:0,getActivityStats
FNDA:0,(anonymous_4)
FNDA:0,(anonymous_5)
FNDA:0,(anonymous_6)
FNDA:0,cleanupOldLogs
DA:4,0
DA:5,0
DA:10,0
DA:36,0
DA:37,0
DA:52,0
DA:55,0
DA:56,0
DA:59,0
DA:61,0
DA:62,0
DA:71,0
DA:72,0
DA:73,0
DA:74,0
DA:75,0
DA:77,0
DA:78,0
DA:80,0
DA:90,0
DA:98,0
DA:100,0
DA:102,0
DA:103,0
DA:106,0
DA:107,0
DA:110,0
DA:111,0
DA:114,0
DA:115,0
DA:116,0
DA:117,0
DA:120,0
DA:126,0
DA:128,0
DA:129,0
DA:137,0
DA:138,0
DA:139,0
DA:141,0
DA:151,0
DA:154,0
DA:164,0
DA:166,0
DA:167,0
DA:171,0
DA:172,0
DA:180,0
DA:181,0
DA:182,0
DA:184,0
DA:188,0
DA:189,0
DA:191,0
DA:192,0
DA:196,0
LF:56
LH:0
BRDA:39,0,0,0
BRDA:39,0,1,0
BRDA:40,1,0,0
BRDA:40,1,1,0
BRDA:42,2,0,0
BRDA:42,2,1,0
BRDA:44,3,0,0
BRDA:44,3,1,0
BRDA:45,4,0,0
BRDA:45,4,1,0
BRDA:46,5,0,0
BRDA:46,5,1,0
BRDA:48,6,0,0
BRDA:48,6,1,0
BRDA:55,7,0,0
BRDA:55,7,1,0
BRDA:55,8,0,0
BRDA:55,8,1,0
BRDA:89,9,0,0
BRDA:92,10,0,0
BRDA:93,11,0,0
BRDA:94,12,0,0
BRDA:95,13,0,0
BRDA:96,14,0,0
BRDA:97,15,0,0
BRDA:102,16,0,0
BRDA:102,16,1,0
BRDA:106,17,0,0
BRDA:106,17,1,0
BRDA:110,18,0,0
BRDA:110,18,1,0
BRDA:114,19,0,0
BRDA:114,19,1,0
BRDA:114,20,0,0
BRDA:114,20,1,0
BRDA:116,21,0,0
BRDA:116,21,1,0
BRDA:117,22,0,0
BRDA:117,22,1,0
BRDA:136,23,0,0
BRDA:179,24,0,0
BRF:41
BRH:0
end_of_record
TN:
SF:services\adminNotificationService.js
FN:14,sendDailyAdminSummary
FN:48,(anonymous_1)
FN:226,sendWeeklyAdminSummary
FN:292,(anonymous_3)
FN:293,(anonymous_4)
FN:381,(anonymous_5)
FN:433,getWeekNumber
FNF:7
FNH:0
FNDA:0,sendDailyAdminSummary
FNDA:0,(anonymous_1)
FNDA:0,sendWeeklyAdminSummary
FNDA:0,(anonymous_3)
FNDA:0,(anonymous_4)
FNDA:0,(anonymous_5)
FNDA:0,getWeekNumber
DA:4,0
DA:5,0
DA:6,0
DA:9,0
DA:15,0
DA:17,0
DA:18,0
DA:19,0
DA:21,0
DA:24,0
DA:25,0
DA:26,0
DA:27,0
DA:30,0
DA:31,0
DA:32,0
DA:33,0
DA:36,0
DA:41,0
DA:44,0
DA:47,0
DA:48,0
DA:51,0
DA:56,0
DA:57,0
DA:61,0
DA:62,0
DA:63,0
DA:66,0
DA:71,0
DA:77,0
DA:82,0
DA:89,0
DA:91,0
DA:189,0
DA:210,0
DA:211,0
DA:213,0
DA:216,0
DA:217,0
DA:219,0
DA:227,0
DA:229,0
DA:230,0
DA:231,0
DA:233,0
DA:236,0
DA:237,0
DA:238,0
DA:239,0
DA:240,0
DA:242,0
DA:243,0
DA:246,0
DA:247,0
DA:249,0
DA:250,0
DA:251,0
DA:252,0
DA:255,0
DA:259,0
DA:263,0
DA:267,0
DA:272,0
DA:273,0
DA:274,0
DA:277,0
DA:278,0
DA:282,0
DA:283,0
DA:284,0
DA:287,0
DA:292,0
DA:293,0
DA:294,0
DA:297,0
DA:301,0
DA:302,0
DA:304,0
DA:381,0
DA:401,0
DA:417,0
DA:418,0
DA:420,0
DA:423,0
DA:424,0
DA:426,0
DA:434,0
DA:435,0
DA:436,0
DA:437,0
DA:438,0
DA:441,0
LF:93
LH:0
BRDA:9,0,0,0
BRDA:9,0,1,0
BRDA:48,1,0,0
BRDA:48,1,1,0
BRDA:61,2,0,0
BRDA:61,2,1,0
BRDA:63,3,0,0
BRDA:63,3,1,0
BRDA:140,4,0,0
BRDA:140,4,1,0
BRDA:162,5,0,0
BRDA:162,5,1,0
BRDA:166,6,0,0
BRDA:166,6,1,0
BRDA:170,7,0,0
BRDA:170,7,1,0
BRDA:174,8,0,0
BRDA:174,8,1,0
BRDA:201,9,0,0
BRDA:201,9,1,0
BRDA:202,10,0,0
BRDA:202,10,1,0
BRDA:203,11,0,0
BRDA:203,11,1,0
BRDA:204,12,0,0
BRDA:204,12,1,0
BRDA:239,13,0,0
BRDA:239,13,1,0
BRDA:274,14,0,0
BRDA:274,14,1,0
BRDA:282,15,0,0
BRDA:282,15,1,0
BRDA:284,16,0,0
BRDA:284,16,1,0
BRDA:294,17,0,0
BRDA:294,17,1,0
BRDA:346,18,0,0
BRDA:346,18,1,0
BRDA:347,19,0,0
BRDA:347,19,1,0
BRDA:378,20,0,0
BRDA:378,20,1,0
BRDA:384,21,0,0
BRDA:384,21,1,0
BRDA:384,22,0,0
BRDA:384,22,1,0
BRDA:406,23,0,0
BRDA:406,23,1,0
BRDA:435,24,0,0
BRDA:435,24,1,0
BRF:50
BRH:0
end_of_record
TN:
SF:services\aiLegalPulse.js
FN:24,(anonymous_0)
FN:127,(anonymous_1)
FN:147,(anonymous_2)
FN:170,(anonymous_3)
FN:205,(anonymous_4)
FN:227,(anonymous_5)
FN:227,(anonymous_6)
FN:229,(anonymous_7)
FN:236,(anonymous_8)
FN:237,(anonymous_9)
FN:240,(anonymous_10)
FN:245,(anonymous_11)
FN:278,(anonymous_12)
FN:309,(anonymous_13)
FN:325,(anonymous_14)
FN:337,(anonymous_15)
FN:367,(anonymous_16)
FN:427,(anonymous_17)
FN:432,(anonymous_18)
FN:504,(anonymous_19)
FN:532,(anonymous_20)
FN:541,(anonymous_21)
FN:542,(anonymous_22)
FN:543,(anonymous_23)
FN:544,(anonymous_24)
FN:569,(anonymous_25)
FN:591,(anonymous_26)
FN:627,(anonymous_27)
FN:644,(anonymous_28)
FN:647,(anonymous_29)
FN:651,(anonymous_30)
FN:655,(anonymous_31)
FN:659,(anonymous_32)
FN:672,(anonymous_33)
FN:685,(anonymous_34)
FN:693,(anonymous_35)
FN:734,(anonymous_36)
FN:741,(anonymous_37)
FN:742,(anonymous_38)
FN:753,(anonymous_39)
FNF:40
FNH:0
FNDA:0,(anonymous_0)
FNDA:0,(anonymous_1)
FNDA:0,(anonymous_2)
FNDA:0,(anonymous_3)
FNDA:0,(anonymous_4)
FNDA:0,(anonymous_5)
FNDA:0,(anonymous_6)
FNDA:0,(anonymous_7)
FNDA:0,(anonymous_8)
FNDA:0,(anonymous_9)
FNDA:0,(anonymous_10)
FNDA:0,(anonymous_11)
FNDA:0,(anonymous_12)
FNDA:0,(anonymous_13)
FNDA:0,(anonymous_14)
FNDA:0,(anonymous_15)
FNDA:0,(anonymous_16)
FNDA:0,(anonymous_17)
FNDA:0,(anonymous_18)
FNDA:0,(anonymous_19)
FNDA:0,(anonymous_20)
FNDA:0,(anonymous_21)
FNDA:0,(anonymous_22)
FNDA:0,(anonymous_23)
FNDA:0,(anonymous_24)
FNDA:0,(anonymous_25)
FNDA:0,(anonymous_26)
FNDA:0,(anonymous_27)
FNDA:0,(anonymous_28)
FNDA:0,(anonymous_29)
FNDA:0,(anonymous_30)
FNDA:0,(anonymous_31)
FNDA:0,(anonymous_32)
FNDA:0,(anonymous_33)
FNDA:0,(anonymous_34)
FNDA:0,(anonymous_35)
FNDA:0,(anonymous_36)
FNDA:0,(anonymous_37)
FNDA:0,(anonymous_38)
FNDA:0,(anonymous_39)
DA:2,0
DA:3,0
DA:4,0
DA:5,0
DA:6,0
DA:8,0
DA:9,0
DA:11,0
DA:12,0
DA:17,0
DA:18,0
DA:25,0
DA:30,0
DA:31,0
DA:33,0
DA:34,0
DA:35,0
DA:36,0
DA:43,0
DA:128,0
DA:129,0
DA:132,0
DA:133,0
DA:134,0
DA:141,0
DA:148,0
DA:150,0
DA:151,0
DA:153,0
DA:154,0
DA:155,0
DA:156,0
DA:157,0
DA:159,0
DA:162,0
DA:163,0
DA:171,0
DA:172,0
DA:174,0
DA:175,0
DA:177,0
DA:178,0
DA:179,0
DA:180,0
DA:181,0
DA:183,0
DA:184,0
DA:190,0
DA:191,0
DA:195,0
DA:196,0
DA:199,0
DA:206,0
DA:209,0
DA:210,0
DA:211,0
DA:212,0
DA:213,0
DA:218,0
DA:219,0
DA:220,0
DA:221,0
DA:222,0
DA:227,0
DA:228,0
DA:229,0
DA:230,0
DA:234,0
DA:235,0
DA:236,0
DA:237,0
DA:240,0
DA:241,0
DA:246,0
DA:249,0
DA:250,0
DA:251,0
DA:252,0
DA:253,0
DA:257,0
DA:260,0
DA:263,0
DA:266,0
DA:268,0
DA:271,0
DA:273,0
DA:279,0
DA:280,0
DA:288,0
DA:293,0
DA:294,0
DA:295,0
DA:296,0
DA:298,0
DA:300,0
DA:301,0
DA:303,0
DA:304,0
DA:310,0
DA:311,0
DA:312,0
DA:314,0
DA:315,0
DA:317,0
DA:319,0
DA:320,0
DA:326,0
DA:339,0
DA:340,0
DA:344,0
DA:345,0
DA:346,0
DA:347,0
DA:352,0
DA:357,0
DA:358,0
DA:359,0
DA:363,0
DA:368,0
DA:379,0
DA:381,0
DA:382,0
DA:384,0
DA:398,0
DA:399,0
DA:400,0
DA:401,0
DA:402,0
DA:415,0
DA:419,0
DA:421,0
DA:422,0
DA:429,0
DA:430,0
DA:431,0
DA:432,0
DA:433,0
DA:434,0
DA:435,0
DA:436,0
DA:440,0
DA:454,0
DA:456,0
DA:457,0
DA:459,0
DA:473,0
DA:474,0
DA:475,0
DA:476,0
DA:477,0
DA:492,0
DA:496,0
DA:498,0
DA:499,0
DA:505,0
DA:507,0
DA:508,0
DA:509,0
DA:512,0
DA:524,0
DA:528,0
DA:533,0
DA:536,0
DA:537,0
DA:538,0
DA:539,0
DA:541,0
DA:542,0
DA:543,0
DA:544,0
DA:547,0
DA:548,0
DA:549,0
DA:551,0
DA:570,0
DA:573,0
DA:574,0
DA:575,0
DA:576,0
DA:580,0
DA:581,0
DA:582,0
DA:583,0
DA:587,0
DA:592,0
DA:594,0
DA:611,0
DA:612,0
DA:615,0
DA:623,0
DA:629,0
DA:632,0
DA:633,0
DA:634,0
DA:635,0
DA:636,0
DA:637,0
DA:640,0
DA:645,0
DA:647,0
DA:648,0
DA:651,0
DA:652,0
DA:655,0
DA:656,0
DA:659,0
DA:660,0
DA:664,0
DA:665,0
DA:668,0
DA:673,0
DA:675,0
DA:676,0
DA:677,0
DA:678,0
DA:679,0
DA:681,0
DA:685,0
DA:686,0
DA:689,0
DA:696,0
DA:698,0
DA:699,0
DA:700,0
DA:701,0
DA:702,0
DA:705,0
DA:706,0
DA:708,0
DA:710,0
DA:735,0
DA:738,0
DA:739,0
DA:741,0
DA:742,0
DA:743,0
DA:744,0
DA:748,0
DA:749,0
DA:752,0
DA:753,0
DA:757,0
DA:761,0
LF:243
LH:0
BRDA:34,0,0,0
BRDA:34,0,1,0
BRDA:129,1,0,0
BRDA:129,1,1,0
BRDA:132,2,0,0
BRDA:132,2,1,0
BRDA:134,3,0,0
BRDA:134,3,1,0
BRDA:147,4,0,0
BRDA:148,5,0,0
BRDA:148,5,1,0
BRDA:155,6,0,0
BRDA:155,6,1,0
BRDA:155,7,0,0
BRDA:155,7,1,0
BRDA:159,8,0,0
BRDA:159,8,1,0
BRDA:162,9,0,0
BRDA:162,9,1,0
BRDA:170,10,0,0
BRDA:190,11,0,0
BRDA:190,11,1,0
BRDA:195,12,0,0
BRDA:195,12,1,0
BRDA:211,13,0,0
BRDA:211,13,1,0
BRDA:213,14,0,0
BRDA:213,14,1,0
BRDA:220,15,0,0
BRDA:220,15,1,0
BRDA:222,16,0,0
BRDA:222,16,1,0
BRDA:227,17,0,0
BRDA:227,17,1,0
BRDA:228,18,0,0
BRDA:228,18,1,0
BRDA:234,19,0,0
BRDA:234,19,1,0
BRDA:235,20,0,0
BRDA:235,20,1,0
BRDA:236,21,0,0
BRDA:236,21,1,0
BRDA:237,22,0,0
BRDA:237,22,1,0
BRDA:250,23,0,0
BRDA:250,23,1,0
BRDA:252,24,0,0
BRDA:252,24,1,0
BRDA:327,25,0,0
BRDA:327,25,1,0
BRDA:328,26,0,0
BRDA:328,26,1,0
BRDA:329,27,0,0
BRDA:329,27,1,0
BRDA:330,28,0,0
BRDA:330,28,1,0
BRDA:331,29,0,0
BRDA:331,29,1,0
BRDA:332,30,0,0
BRDA:332,30,1,0
BRDA:339,31,0,0
BRDA:339,31,1,0
BRDA:339,32,0,0
BRDA:339,32,1,0
BRDA:345,33,0,0
BRDA:345,33,1,0
BRDA:357,34,0,0
BRDA:357,34,1,0
BRDA:357,35,0,0
BRDA:357,35,1,0
BRDA:398,36,0,0
BRDA:398,36,1,0
BRDA:400,37,0,0
BRDA:400,37,1,0
BRDA:401,38,0,0
BRDA:401,38,1,0
BRDA:403,39,0,0
BRDA:403,39,1,0
BRDA:408,40,0,0
BRDA:408,40,1,0
BRDA:408,40,2,0
BRDA:427,41,0,0
BRDA:430,42,0,0
BRDA:430,42,1,0
BRDA:473,43,0,0
BRDA:473,43,1,0
BRDA:475,44,0,0
BRDA:475,44,1,0
BRDA:476,45,0,0
BRDA:476,45,1,0
BRDA:478,46,0,0
BRDA:478,46,1,0
BRDA:483,47,0,0
BRDA:483,47,1,0
BRDA:483,47,2,0
BRDA:508,48,0,0
BRDA:508,48,1,0
BRDA:513,49,0,0
BRDA:513,49,1,0
BRDA:514,50,0,0
BRDA:514,50,1,0
BRDA:515,51,0,0
BRDA:515,51,1,0
BRDA:516,52,0,0
BRDA:516,52,1,0
BRDA:517,53,0,0
BRDA:517,53,1,0
BRDA:518,54,0,0
BRDA:518,54,1,0
BRDA:520,55,0,0
BRDA:520,55,1,0
BRDA:553,56,0,0
BRDA:553,56,1,0
BRDA:553,57,0,0
BRDA:553,57,1,0
BRDA:573,58,0,0
BRDA:573,58,1,0
BRDA:575,59,0,0
BRDA:575,59,1,0
BRDA:580,60,0,0
BRDA:580,60,1,0
BRDA:580,61,0,0
BRDA:580,61,1,0
BRDA:581,62,0,0
BRDA:581,62,1,0
BRDA:582,63,0,0
BRDA:582,63,1,0
BRDA:591,64,0,0
BRDA:602,65,0,0
BRDA:602,65,1,0
BRDA:603,66,0,0
BRDA:603,66,1,0
BRDA:604,67,0,0
BRDA:604,67,1,0
BRDA:611,68,0,0
BRDA:611,68,1,0
BRDA:632,69,0,0
BRDA:632,69,1,0
BRDA:633,70,0,0
BRDA:633,70,1,0
BRDA:633,70,2,0
BRDA:647,71,0,0
BRDA:647,71,1,0
BRDA:651,72,0,0
BRDA:651,72,1,0
BRDA:655,73,0,0
BRDA:655,73,1,0
BRDA:659,74,0,0
BRDA:659,74,1,0
BRDA:664,75,0,0
BRDA:664,75,1,0
BRDA:675,76,0,0
BRDA:675,76,1,0
BRDA:678,77,0,0
BRDA:678,77,1,0
BRDA:685,78,0,0
BRDA:685,78,1,0
BRDA:698,79,0,0
BRDA:698,79,1,0
BRDA:699,80,0,0
BRDA:699,80,1,0
BRDA:700,81,0,0
BRDA:700,81,1,0
BRDA:701,82,0,0
BRDA:701,82,1,0
BRDA:702,83,0,0
BRDA:702,83,1,0
BRDA:702,84,0,0
BRDA:702,84,1,0
BRDA:734,85,0,0
BRDA:752,86,0,0
BRDA:752,86,1,0
BRF:172
BRH:0
end_of_record
TN:
SF:services\alertExplainer.js
FN:7,(anonymous_0)
FN:25,(anonymous_1)
FN:35,(anonymous_2)
FN:88,(anonymous_3)
FN:119,(anonymous_4)
FN:129,(anonymous_5)
FN:150,(anonymous_6)
FN:172,(anonymous_7)
FNF:8
FNH:0
FNDA:0,(anonymous_0)
FNDA:0,(anonymous_1)
FNDA:0,(anonymous_2)
FNDA:0,(anonymous_3)
FNDA:0,(anonymous_4)
FNDA:0,(anonymous_5)
FNDA:0,(anonymous_6)
FNDA:0,(anonymous_7)
DA:4,0
DA:8,0
DA:13,0
DA:14,0
DA:26,0
DA:27,0
DA:30,0
DA:31,0
DA:33,0
DA:34,0
DA:35,0
DA:38,0
DA:66,0
DA:69,0
DA:70,0
DA:71,0
DA:73,0
DA:75,0
DA:78,0
DA:81,0
DA:89,0
DA:91,0
DA:120,0
DA:122,0
DA:130,0
DA:132,0
DA:133,0
DA:135,0
DA:136,0
DA:143,0
DA:149,0
DA:150,0
DA:154,0
DA:157,0
DA:164,0
DA:169,0
DA:171,0
DA:173,0
DA:174,0
DA:176,0
LF:40
LH:0
BRDA:33,0,0,0
BRDA:33,0,1,0
BRDA:69,1,0,0
BRDA:69,1,1,0
BRDA:70,2,0,0
BRDA:70,2,1,0
BRDA:96,3,0,0
BRDA:96,3,1,0
BRDA:103,4,0,0
BRDA:103,4,1,0
BRDA:129,5,0,0
BRDA:149,6,0,0
BRDA:149,6,1,0
BRDA:173,7,0,0
BRDA:173,7,1,0
BRF:15
BRH:0
end_of_record
TN:
SF:services\autoTriggerService.js
FN:9,(anonymous_0)
FN:21,(anonymous_1)
FN:58,(anonymous_2)
FN:139,(anonymous_3)
FN:144,(anonymous_4)
FN:153,(anonymous_5)
FN:166,(anonymous_6)
FNF:7
FNH:0
FNDA:0,(anonymous_0)
FNDA:0,(anonymous_1)
FNDA:0,(anonymous_2)
FNDA:0,(anonymous_3)
FNDA:0,(anonymous_4)
FNDA:0,(anonymous_5)
FNDA:0,(anonymous_6)
DA:4,0
DA:5,0
DA:6,0
DA:10,0
DA:11,0
DA:12,0
DA:14,0
DA:22,0
DA:23,0
DA:24,0
DA:27,0
DA:28,0
DA:30,0
DA:32,0
DA:33,0
DA:35,0
DA:37,0
DA:38,0
DA:39,0
DA:40,0
DA:49,0
DA:50,0
DA:53,0
DA:58,0
DA:61,0
DA:62,0
DA:64,0
DA:80,0
DA:82,0
DA:85,0
DA:86,0
DA:89,0
DA:90,0
DA:92,0
DA:93,0
DA:94,0
DA:95,0
DA:97,0
DA:104,0
DA:106,0
DA:107,0
DA:111,0
DA:112,0
DA:114,0
DA:124,0
DA:126,0
DA:129,0
DA:130,0
DA:131,0
DA:140,0
DA:144,0
DA:145,0
DA:154,0
DA:163,0
DA:165,0
DA:167,0
DA:168,0
DA:170,0
LF:58
LH:0
BRDA:22,0,0,0
BRDA:22,0,1,0
BRDA:37,1,0,0
BRDA:37,1,1,0
BRDA:93,2,0,0
BRDA:93,2,1,0
BRDA:93,3,0,0
BRDA:93,3,1,0
BRDA:107,4,0,0
BRDA:107,4,1,0
BRDA:167,5,0,0
BRDA:167,5,1,0
BRF:12
BRH:0
end_of_record
TN:
SF:services\automatedActionsService.js
FN:7,(anonymous_0)
FN:21,(anonymous_1)
FN:94,(anonymous_2)
FN:166,(anonymous_3)
FN:248,(anonymous_4)
FN:317,(anonymous_5)
FN:361,(anonymous_6)
FN:389,(anonymous_7)
FN:408,(anonymous_8)
FN:425,(anonymous_9)
FN:439,(anonymous_10)
FN:442,(anonymous_11)
FN:452,(anonymous_12)
FNF:13
FNH:0
FNDA:0,(anonymous_0)
FNDA:0,(anonymous_1)
FNDA:0,(anonymous_2)
FNDA:0,(anonymous_3)
FNDA:0,(anonymous_4)
FNDA:0,(anonymous_5)
FNDA:0,(anonymous_6)
FNDA:0,(anonymous_7)
FNDA:0,(anonymous_8)
FNDA:0,(anonymous_9)
FNDA:0,(anonymous_10)
FNDA:0,(anonymous_11)
FNDA:0,(anonymous_12)
DA:4,0
DA:8,0
DA:9,0
DA:11,0
DA:22,0
DA:24,0
DA:26,0
DA:27,0
DA:32,0
DA:33,0
DA:37,0
DA:38,0
DA:40,0
DA:44,0
DA:46,0
DA:47,0
DA:52,0
DA:54,0
DA:55,0
DA:57,0
DA:58,0
DA:60,0
DA:61,0
DA:63,0
DA:64,0
DA:66,0
DA:70,0
DA:72,0
DA:74,0
DA:83,0
DA:84,0
DA:95,0
DA:97,0
DA:99,0
DA:102,0
DA:105,0
DA:106,0
DA:108,0
DA:124,0
DA:127,0
DA:128,0
DA:130,0
DA:142,0
DA:144,0
DA:151,0
DA:152,0
DA:167,0
DA:169,0
DA:171,0
DA:173,0
DA:174,0
DA:178,0
DA:179,0
DA:181,0
DA:183,0
DA:199,0
DA:202,0
DA:203,0
DA:205,0
DA:220,0
DA:224,0
DA:226,0
DA:233,0
DA:234,0
DA:249,0
DA:251,0
DA:253,0
DA:254,0
DA:257,0
DA:258,0
DA:259,0
DA:267,0
DA:275,0
DA:280,0
DA:292,0
DA:294,0
DA:302,0
DA:303,0
DA:318,0
DA:320,0
DA:321,0
DA:322,0
DA:324,0
DA:337,0
DA:339,0
DA:346,0
DA:347,0
DA:362,0
DA:364,0
DA:366,0
DA:367,0
DA:368,0
DA:369,0
DA:371,0
DA:372,0
DA:373,0
DA:374,0
DA:377,0
DA:378,0
DA:379,0
DA:381,0
DA:390,0
DA:398,0
DA:409,0
DA:411,0
DA:413,0
DA:414,0
DA:415,0
DA:416,0
DA:419,0
DA:420,0
DA:421,0
DA:425,0
DA:428,0
DA:429,0
DA:434,0
DA:438,0
DA:439,0
DA:442,0
DA:449,0
DA:451,0
DA:453,0
DA:454,0
DA:456,0
LF:124
LH:0
BRDA:32,0,0,0
BRDA:32,0,1,0
BRDA:46,1,0,0
BRDA:46,1,1,0
BRDA:52,2,0,0
BRDA:52,2,1,0
BRDA:52,2,2,0
BRDA:52,2,3,0
BRDA:52,2,4,0
BRDA:173,3,0,0
BRDA:173,3,1,0
BRDA:214,4,0,0
BRDA:214,4,1,0
BRDA:215,5,0,0
BRDA:215,5,1,0
BRDA:257,6,0,0
BRDA:257,6,1,0
BRDA:371,7,0,0
BRDA:371,7,1,0
BRDA:391,8,0,0
BRDA:391,8,1,0
BRDA:392,9,0,0
BRDA:392,9,1,0
BRDA:393,10,0,0
BRDA:393,10,1,0
BRDA:394,11,0,0
BRDA:394,11,1,0
BRDA:395,12,0,0
BRDA:395,12,1,0
BRDA:419,13,0,0
BRDA:419,13,1,0
BRDA:453,14,0,0
BRDA:453,14,1,0
BRF:33
BRH:0
end_of_record
TN:
SF:services\bundesanzeigerConnector.js
FN:8,(anonymous_0)
FN:22,(anonymous_1)
FN:56,(anonymous_2)
FN:76,(anonymous_3)
FN:103,(anonymous_4)
FN:123,(anonymous_5)
FN:151,(anonymous_6)
FN:157,(anonymous_7)
FN:185,(anonymous_8)
FN:198,(anonymous_9)
FN:253,(anonymous_10)
FN:265,(anonymous_11)
FN:291,(anonymous_12)
FN:322,(anonymous_13)
FN:333,(anonymous_14)
FN:365,(anonymous_15)
FN:375,(anonymous_16)
FN:394,(anonymous_17)
FN:420,(anonymous_18)
FNF:19
FNH:0
FNDA:0,(anonymous_0)
FNDA:0,(anonymous_1)
FNDA:0,(anonymous_2)
FNDA:0,(anonymous_3)
FNDA:0,(anonymous_4)
FNDA:0,(anonymous_5)
FNDA:0,(anonymous_6)
FNDA:0,(anonymous_7)
FNDA:0,(anonymous_8)
FNDA:0,(anonymous_9)
FNDA:0,(anonymous_10)
FNDA:0,(anonymous_11)
FNDA:0,(anonymous_12)
FNDA:0,(anonymous_13)
FNDA:0,(anonymous_14)
FNDA:0,(anonymous_15)
FNDA:0,(anonymous_16)
FNDA:0,(anonymous_17)
FNDA:0,(anonymous_18)
DA:4,0
DA:5,0
DA:10,0
DA:11,0
DA:12,0
DA:14,0
DA:23,0
DA:25,0
DA:27,0
DA:35,0
DA:43,0
DA:46,0
DA:47,0
DA:57,0
DA:59,0
DA:60,0
DA:66,0
DA:67,0
DA:77,0
DA:79,0
DA:80,0
DA:81,0
DA:82,0
DA:84,0
DA:93,0
DA:94,0
DA:104,0
DA:106,0
DA:107,0
DA:113,0
DA:114,0
DA:124,0
DA:126,0
DA:127,0
DA:128,0
DA:129,0
DA:131,0
DA:140,0
DA:141,0
DA:152,0
DA:153,0
DA:154,0
DA:157,0
DA:158,0
DA:160,0
DA:162,0
DA:172,0
DA:175,0
DA:176,0
DA:186,0
DA:187,0
DA:188,0
DA:189,0
DA:199,0
DA:252,0
DA:254,0
DA:266,0
DA:292,0
DA:319,0
DA:320,0
DA:322,0
DA:323,0
DA:324,0
DA:334,0
DA:366,0
DA:367,0
DA:376,0
DA:387,0
DA:395,0
DA:396,0
DA:400,0
DA:406,0
DA:417,0
DA:419,0
DA:421,0
DA:422,0
DA:424,0
LF:77
LH:0
BRDA:22,0,0,0
BRDA:22,1,0,0
BRDA:22,2,0,0
BRDA:22,3,0,0
BRDA:30,4,0,0
BRDA:30,4,1,0
BRDA:31,5,0,0
BRDA:31,5,1,0
BRDA:76,6,0,0
BRDA:103,7,0,0
BRDA:123,8,0,0
BRDA:158,9,0,0
BRDA:158,9,1,0
BRDA:254,10,0,0
BRDA:254,10,1,0
BRDA:387,11,0,0
BRDA:387,11,1,0
BRDA:421,12,0,0
BRDA:421,12,1,0
BRF:19
BRH:0
end_of_record
TN:
SF:services\calendarDigestService.js
FN:16,createDigestEmail
FN:22,(anonymous_1)
FN:30,(anonymous_2)
FN:31,(anonymous_3)
FN:32,(anonymous_4)
FN:73,generateDigestHtml
FN:84,(anonymous_6)
FN:94,(anonymous_7)
FN:104,(anonymous_8)
FN:167,generateEventCard
FN:226,processDigests
FN:287,(anonymous_11)
FN:315,userPrefersDigest
FNF:13
FNH:0
FNDA:0,createDigestEmail
FNDA:0,(anonymous_1)
FNDA:0,(anonymous_2)
FNDA:0,(anonymous_3)
FNDA:0,(anonymous_4)
FNDA:0,generateDigestHtml
FNDA:0,(anonymous_6)
FNDA:0,(anonymous_7)
FNDA:0,(anonymous_8)
FNDA:0,generateEventCard
FNDA:0,processDigests
FNDA:0,(anonymous_11)
FNDA:0,userPrefersDigest
DA:4,0
DA:5,0
DA:6,0
DA:7,0
DA:17,0
DA:18,0
DA:22,0
DA:23,0
DA:24,0
DA:25,0
DA:26,0
DA:30,0
DA:31,0
DA:32,0
DA:35,0
DA:38,0
DA:39,0
DA:40,0
DA:41,0
DA:42,0
DA:44,0
DA:48,0
DA:50,0
DA:59,0
DA:61,0
DA:74,0
DA:76,0
DA:79,0
DA:84,0
DA:89,0
DA:94,0
DA:99,0
DA:104,0
DA:109,0
DA:133,0
DA:168,0
DA:173,0
DA:175,0
DA:176,0
DA:177,0
DA:179,0
DA:180,0
DA:181,0
DA:182,0
DA:183,0
DA:184,0
DA:185,0
DA:187,0
DA:190,0
DA:191,0
DA:193,0
DA:227,0
DA:229,0
DA:230,0
DA:231,0
DA:232,0
DA:235,0
DA:269,0
DA:271,0
DA:273,0
DA:274,0
DA:275,0
DA:282,0
DA:283,0
DA:284,0
DA:287,0
DA:288,0
DA:301,0
DA:302,0
DA:306,0
DA:307,0
DA:316,0
DA:319,0
LF:73
LH:0
BRDA:17,0,0,0
BRDA:17,0,1,0
BRDA:17,1,0,0
BRDA:17,1,1,0
BRDA:24,2,0,0
BRDA:24,2,1,0
BRDA:24,3,0,0
BRDA:24,3,1,0
BRDA:25,4,0,0
BRDA:25,4,1,0
BRDA:39,5,0,0
BRDA:39,5,1,0
BRDA:41,6,0,0
BRDA:41,6,1,0
BRDA:44,7,0,0
BRDA:44,7,1,0
BRDA:48,8,0,0
BRDA:48,8,1,0
BRDA:74,9,0,0
BRDA:74,9,1,0
BRDA:76,10,0,0
BRDA:76,10,1,0
BRDA:76,10,2,0
BRDA:79,11,0,0
BRDA:79,11,1,0
BRDA:89,12,0,0
BRDA:89,12,1,0
BRDA:99,13,0,0
BRDA:99,13,1,0
BRDA:117,14,0,0
BRDA:117,14,1,0
BRDA:123,15,0,0
BRDA:123,15,1,0
BRDA:173,16,0,0
BRDA:173,16,1,0
BRDA:180,17,0,0
BRDA:180,17,1,0
BRDA:182,18,0,0
BRDA:182,18,1,0
BRDA:184,19,0,0
BRDA:184,19,1,0
BRDA:190,20,0,0
BRDA:190,20,1,0
BRDA:190,20,2,0
BRDA:191,21,0,0
BRDA:191,21,1,0
BRDA:200,22,0,0
BRDA:200,22,1,0
BRDA:207,23,0,0
BRDA:207,23,1,0
BRDA:230,24,0,0
BRDA:230,24,1,0
BRDA:282,25,0,0
BRDA:282,25,1,0
BRDA:316,26,0,0
BRDA:316,26,1,0
BRF:56
BRH:0
end_of_record
TN:
SF:services\calendarEvents.js
FN:8,createLocalDate
FN:26,generateEventsForContract
FN:987,(anonymous_2)
FN:1015,extractNoticePeriod
FN:1062,calculateNewExpiryDate
FN:1072,parseRestlaufzeit
FN:1105,generateRecurringPaymentEvents
FN:1211,getNextPaymentDate
FN:1245,calculateNextPaymentDate
FN:1262,getPaymentFrequencyText
FN:1279,regenerateAllEvents
FN:1305,updateExpiredEvents
FN:1336,onContractChange
FNF:13
FNH:0
FNDA:0,createLocalDate
FNDA:0,generateEventsForContract
FNDA:0,(anonymous_2)
FNDA:0,extractNoticePeriod
FNDA:0,calculateNewExpiryDate
FNDA:0,parseRestlaufzeit
FNDA:0,generateRecurringPaymentEvents
FNDA:0,getNextPaymentDate
FNDA:0,calculateNextPaymentDate
FNDA:0,getPaymentFrequencyText
FNDA:0,regenerateAllEvents
FNDA:0,updateExpiredEvents
FNDA:0,onContractChange
DA:2,0
DA:9,0
DA:11,0
DA:15,0
DA:27,0
DA:28,0
DA:30,0
DA:32,0
DA:39,0
DA:42,0
DA:43,0
DA:44,0
DA:47,0
DA:48,0
DA:51,0
DA:54,0
DA:57,0
DA:59,0
DA:60,0
DA:62,0
DA:63,0
DA:65,0
DA:66,0
DA:68,0
DA:70,0
DA:72,0
DA:75,0
DA:79,0
DA:80,0
DA:81,0
DA:84,0
DA:97,0
DA:99,0
DA:100,0
DA:104,0
DA:107,0
DA:108,0
DA:109,0
DA:110,0
DA:113,0
DA:114,0
DA:139,0
DA:140,0
DA:141,0
DA:143,0
DA:144,0
DA:171,0
DA:172,0
DA:173,0
DA:174,0
DA:176,0
DA:177,0
DA:203,0
DA:204,0
DA:205,0
DA:207,0
DA:208,0
DA:235,0
DA:236,0
DA:237,0
DA:263,0
DA:264,0
DA:266,0
DA:267,0
DA:292,0
DA:293,0
DA:294,0
DA:296,0
DA:297,0
DA:324,0
DA:325,0
DA:326,0
DA:328,0
DA:329,0
DA:354,0
DA:355,0
DA:356,0
DA:380,0
DA:381,0
DA:383,0
DA:384,0
DA:385,0
DA:386,0
DA:389,0
DA:390,0
DA:392,0
DA:422,0
DA:423,0
DA:425,0
DA:426,0
DA:433,0
DA:434,0
DA:437,0
DA:438,0
DA:440,0
DA:463,0
DA:464,0
DA:465,0
DA:467,0
DA:468,0
DA:492,0
DA:493,0
DA:494,0
DA:496,0
DA:497,0
DA:520,0
DA:526,0
DA:527,0
DA:529,0
DA:530,0
DA:533,0
DA:556,0
DA:557,0
DA:558,0
DA:560,0
DA:561,0
DA:585,0
DA:586,0
DA:587,0
DA:589,0
DA:590,0
DA:614,0
DA:620,0
DA:624,0
DA:625,0
DA:626,0
DA:627,0
DA:628,0
DA:630,0
DA:631,0
DA:654,0
DA:655,0
DA:656,0
DA:658,0
DA:659,0
DA:686,0
DA:690,0
DA:691,0
DA:692,0
DA:693,0
DA:694,0
DA:696,0
DA:697,0
DA:720,0
DA:721,0
DA:722,0
DA:724,0
DA:725,0
DA:752,0
DA:756,0
DA:757,0
DA:760,0
DA:761,0
DA:762,0
DA:765,0
DA:766,0
DA:767,0
DA:769,0
DA:791,0
DA:797,0
DA:799,0
DA:801,0
DA:802,0
DA:803,0
DA:804,0
DA:806,0
DA:830,0
DA:832,0
DA:837,0
DA:838,0
DA:841,0
DA:881,0
DA:882,0
DA:884,0
DA:885,0
DA:888,0
DA:889,0
DA:893,0
DA:894,0
DA:895,0
DA:899,0
DA:900,0
DA:928,0
DA:944,0
DA:946,0
DA:947,0
DA:948,0
DA:950,0
DA:951,0
DA:976,0
DA:978,0
DA:984,0
DA:986,0
DA:987,0
DA:988,0
DA:992,0
DA:998,0
DA:999,0
DA:1001,0
DA:1005,0
DA:1008,0
DA:1017,0
DA:1018,0
DA:1019,0
DA:1020,0
DA:1028,0
DA:1033,0
DA:1035,0
DA:1038,0
DA:1044,0
DA:1045,0
DA:1046,0
DA:1047,0
DA:1052,0
DA:1053,0
DA:1054,0
DA:1056,0
DA:1063,0
DA:1064,0
DA:1065,0
DA:1073,0
DA:1075,0
DA:1078,0
DA:1085,0
DA:1086,0
DA:1087,0
DA:1088,0
DA:1093,0
DA:1094,0
DA:1095,0
DA:1098,0
DA:1106,0
DA:1107,0
DA:1108,0
DA:1110,0
DA:1113,0
DA:1120,0
DA:1121,0
DA:1125,0
DA:1126,0
DA:1128,0
DA:1129,0
DA:1130,0
DA:1132,0
DA:1134,0
DA:1135,0
DA:1136,0
DA:1139,0
DA:1141,0
DA:1167,0
DA:1168,0
DA:1169,0
DA:1170,0
DA:1172,0
DA:1173,0
DA:1201,0
DA:1202,0
DA:1205,0
DA:1212,0
DA:1214,0
DA:1216,0
DA:1217,0
DA:1219,0
DA:1220,0
DA:1222,0
DA:1223,0
DA:1225,0
DA:1226,0
DA:1228,0
DA:1229,0
DA:1232,0
DA:1233,0
DA:1236,0
DA:1239,0
DA:1246,0
DA:1247,0
DA:1248,0
DA:1251,0
DA:1252,0
DA:1253,0
DA:1256,0
DA:1263,0
DA:1273,0
DA:1280,0
DA:1282,0
DA:1286,0
DA:1288,0
DA:1289,0
DA:1290,0
DA:1293,0
DA:1294,0
DA:1297,0
DA:1298,0
DA:1306,0
DA:1307,0
DA:1310,0
DA:1324,0
DA:1325,0
DA:1329,0
DA:1337,0
DA:1338,0
DA:1341,0
DA:1344,0
DA:1346,0
DA:1350,0
DA:1355,0
LF:306
LH:0
BRDA:32,0,0,0
BRDA:32,0,1,0
BRDA:34,1,0,0
BRDA:34,1,1,0
BRDA:39,2,0,0
BRDA:39,2,1,0
BRDA:42,3,0,0
BRDA:42,3,1,0
BRDA:42,4,0,0
BRDA:42,4,1,0
BRDA:42,4,2,0
BRDA:54,5,0,0
BRDA:54,5,1,0
BRDA:59,6,0,0
BRDA:59,6,1,0
BRDA:60,7,0,0
BRDA:60,7,1,0
BRDA:62,8,0,0
BRDA:62,8,1,0
BRDA:63,9,0,0
BRDA:63,9,1,0
BRDA:66,10,0,0
BRDA:66,10,1,0
BRDA:70,11,0,0
BRDA:70,11,1,0
BRDA:75,12,0,0
BRDA:75,12,1,0
BRDA:79,13,0,0
BRDA:79,13,1,0
BRDA:79,13,2,0
BRDA:80,14,0,0
BRDA:80,14,1,0
BRDA:81,15,0,0
BRDA:81,15,1,0
BRDA:81,15,2,0
BRDA:92,16,0,0
BRDA:92,16,1,0
BRDA:92,16,2,0
BRDA:97,17,0,0
BRDA:97,17,1,0
BRDA:99,18,0,0
BRDA:99,18,1,0
BRDA:99,19,0,0
BRDA:99,19,1,0
BRDA:104,20,0,0
BRDA:104,20,1,0
BRDA:104,21,0,0
BRDA:104,21,1,0
BRDA:107,22,0,0
BRDA:107,22,1,0
BRDA:113,23,0,0
BRDA:113,23,1,0
BRDA:119,24,0,0
BRDA:119,24,1,0
BRDA:143,25,0,0
BRDA:143,25,1,0
BRDA:149,26,0,0
BRDA:149,26,1,0
BRDA:171,27,0,0
BRDA:171,27,1,0
BRDA:176,28,0,0
BRDA:176,28,1,0
BRDA:182,29,0,0
BRDA:182,29,1,0
BRDA:207,30,0,0
BRDA:207,30,1,0
BRDA:213,31,0,0
BRDA:213,31,1,0
BRDA:235,32,0,0
BRDA:235,32,1,0
BRDA:241,33,0,0
BRDA:241,33,1,0
BRDA:242,34,0,0
BRDA:242,34,1,0
BRDA:244,35,0,0
BRDA:244,35,1,0
BRDA:263,36,0,0
BRDA:263,36,1,0
BRDA:266,37,0,0
BRDA:266,37,1,0
BRDA:272,38,0,0
BRDA:272,38,1,0
BRDA:296,39,0,0
BRDA:296,39,1,0
BRDA:328,40,0,0
BRDA:328,40,1,0
BRDA:328,41,0,0
BRDA:328,41,1,0
BRDA:334,42,0,0
BRDA:334,42,1,0
BRDA:354,43,0,0
BRDA:354,43,1,0
BRDA:360,44,0,0
BRDA:360,44,1,0
BRDA:361,45,0,0
BRDA:361,45,1,0
BRDA:363,46,0,0
BRDA:363,46,1,0
BRDA:370,47,0,0
BRDA:370,47,1,0
BRDA:380,48,0,0
BRDA:380,48,1,0
BRDA:380,49,0,0
BRDA:380,49,1,0
BRDA:380,49,2,0
BRDA:389,50,0,0
BRDA:389,50,1,0
BRDA:390,51,0,0
BRDA:390,51,1,0
BRDA:390,52,0,0
BRDA:390,52,1,0
BRDA:397,53,0,0
BRDA:397,53,1,0
BRDA:422,54,0,0
BRDA:422,54,1,0
BRDA:422,55,0,0
BRDA:422,55,1,0
BRDA:433,56,0,0
BRDA:433,56,1,0
BRDA:437,57,0,0
BRDA:437,57,1,0
BRDA:467,58,0,0
BRDA:467,58,1,0
BRDA:496,59,0,0
BRDA:496,59,1,0
BRDA:526,60,0,0
BRDA:526,60,1,0
BRDA:529,61,0,0
BRDA:529,61,1,0
BRDA:548,62,0,0
BRDA:548,62,1,0
BRDA:560,63,0,0
BRDA:560,63,1,0
BRDA:589,64,0,0
BRDA:589,64,1,0
BRDA:620,65,0,0
BRDA:620,65,1,0
BRDA:620,65,2,0
BRDA:620,65,3,0
BRDA:620,65,4,0
BRDA:624,66,0,0
BRDA:624,66,1,0
BRDA:624,67,0,0
BRDA:624,67,1,0
BRDA:630,68,0,0
BRDA:630,68,1,0
BRDA:658,69,0,0
BRDA:658,69,1,0
BRDA:686,70,0,0
BRDA:686,70,1,0
BRDA:686,70,2,0
BRDA:686,70,3,0
BRDA:686,70,4,0
BRDA:690,71,0,0
BRDA:690,71,1,0
BRDA:690,72,0,0
BRDA:690,72,1,0
BRDA:690,72,2,0
BRDA:691,73,0,0
BRDA:691,73,1,0
BRDA:696,74,0,0
BRDA:696,74,1,0
BRDA:724,75,0,0
BRDA:724,75,1,0
BRDA:752,76,0,0
BRDA:752,76,1,0
BRDA:752,76,2,0
BRDA:752,76,3,0
BRDA:752,76,4,0
BRDA:756,77,0,0
BRDA:756,77,1,0
BRDA:756,78,0,0
BRDA:756,78,1,0
BRDA:756,78,2,0
BRDA:757,79,0,0
BRDA:757,79,1,0
BRDA:765,80,0,0
BRDA:765,80,1,0
BRDA:797,81,0,0
BRDA:797,81,1,0
BRDA:801,82,0,0
BRDA:801,82,1,0
BRDA:830,83,0,0
BRDA:830,83,1,0
BRDA:830,84,0,0
BRDA:830,84,1,0
BRDA:830,84,2,0
BRDA:830,84,3,0
BRDA:830,84,4,0
BRDA:830,84,5,0
BRDA:837,85,0,0
BRDA:837,85,1,0
BRDA:837,86,0,0
BRDA:837,86,1,0
BRDA:882,87,0,0
BRDA:882,87,1,0
BRDA:885,88,0,0
BRDA:885,88,1,0
BRDA:888,89,0,0
BRDA:888,89,1,0
BRDA:888,90,0,0
BRDA:888,90,1,0
BRDA:889,91,0,0
BRDA:889,91,1,0
BRDA:893,92,0,0
BRDA:893,92,1,0
BRDA:899,93,0,0
BRDA:899,93,1,0
BRDA:905,94,0,0
BRDA:905,94,1,0
BRDA:909,95,0,0
BRDA:909,95,1,0
BRDA:910,96,0,0
BRDA:910,96,1,0
BRDA:911,97,0,0
BRDA:911,97,1,0
BRDA:916,98,0,0
BRDA:916,98,1,0
BRDA:944,99,0,0
BRDA:944,99,1,0
BRDA:950,100,0,0
BRDA:950,100,1,0
BRDA:956,101,0,0
BRDA:956,101,1,0
BRDA:960,102,0,0
BRDA:960,102,1,0
BRDA:984,103,0,0
BRDA:984,103,1,0
BRDA:999,104,0,0
BRDA:999,104,1,0
BRDA:1017,105,0,0
BRDA:1017,105,1,0
BRDA:1017,106,0,0
BRDA:1017,106,1,0
BRDA:1018,107,0,0
BRDA:1018,107,1,0
BRDA:1019,108,0,0
BRDA:1019,108,1,0
BRDA:1019,109,0,0
BRDA:1019,109,1,0
BRDA:1028,110,0,0
BRDA:1028,110,1,0
BRDA:1033,111,0,0
BRDA:1033,111,1,0
BRDA:1033,112,0,0
BRDA:1033,112,1,0
BRDA:1046,113,0,0
BRDA:1046,113,1,0
BRDA:1052,114,0,0
BRDA:1052,114,1,0
BRDA:1053,115,0,0
BRDA:1053,115,1,0
BRDA:1054,116,0,0
BRDA:1054,116,1,0
BRDA:1073,117,0,0
BRDA:1073,117,1,0
BRDA:1073,118,0,0
BRDA:1073,118,1,0
BRDA:1087,119,0,0
BRDA:1087,119,1,0
BRDA:1094,120,0,0
BRDA:1094,120,1,0
BRDA:1108,121,0,0
BRDA:1108,121,1,0
BRDA:1110,122,0,0
BRDA:1110,122,1,0
BRDA:1110,123,0,0
BRDA:1110,123,1,0
BRDA:1113,124,0,0
BRDA:1113,124,1,0
BRDA:1115,125,0,0
BRDA:1115,125,1,0
BRDA:1120,126,0,0
BRDA:1120,126,1,0
BRDA:1132,127,0,0
BRDA:1132,127,1,0
BRDA:1134,128,0,0
BRDA:1134,128,1,0
BRDA:1139,129,0,0
BRDA:1139,129,1,0
BRDA:1167,130,0,0
BRDA:1167,130,1,0
BRDA:1167,131,0,0
BRDA:1167,131,1,0
BRDA:1172,132,0,0
BRDA:1172,132,1,0
BRDA:1214,133,0,0
BRDA:1214,133,1,0
BRDA:1214,133,2,0
BRDA:1214,133,3,0
BRDA:1214,133,4,0
BRDA:1214,133,5,0
BRDA:1214,133,6,0
BRDA:1214,133,7,0
BRDA:1251,134,0,0
BRDA:1251,134,1,0
BRDA:1273,135,0,0
BRDA:1273,135,1,0
BRDA:1324,136,0,0
BRDA:1324,136,1,0
BRDA:1336,137,0,0
BRDA:1338,138,0,0
BRDA:1338,138,1,0
BRDA:1344,139,0,0
BRDA:1344,139,1,0
BRDA:1346,140,0,0
BRDA:1346,140,1,0
BRF:307
BRH:0
end_of_record
TN:
SF:services\calendarNotifier.js
FN:13,checkAndSendNotifications
FN:121,queueEventNotification
FN:221,generateActionToken
FN:236,generateCancelWindowEmail
FN:253,generateLastCancelDayEmail
FN:269,generateCancelWarningEmail
FN:276,generatePriceIncreaseEmail
FN:283,generateAutoRenewalEmail
FN:290,generateReviewEmail
FN:297,generateGenericEmail
FN:304,generateQuickActionLinks
FN:312,generateCalendarEmailTemplate
FN:317,(anonymous_12)
FN:336,(anonymous_13)
FNF:14
FNH:0
FNDA:0,checkAndSendNotifications
FNDA:0,queueEventNotification
FNDA:0,generateActionToken
FNDA:0,generateCancelWindowEmail
FNDA:0,generateLastCancelDayEmail
FNDA:0,generateCancelWarningEmail
FNDA:0,generatePriceIncreaseEmail
FNDA:0,generateAutoRenewalEmail
FNDA:0,generateReviewEmail
FNDA:0,generateGenericEmail
FNDA:0,generateQuickActionLinks
FNDA:0,generateCalendarEmailTemplate
FNDA:0,(anonymous_12)
FNDA:0,(anonymous_13)
DA:4,0
DA:5,0
DA:6,0
DA:7,0
DA:14,0
DA:15,0
DA:17,0
DA:18,0
DA:19,0
DA:20,0
DA:23,0
DA:54,0
DA:56,0
DA:58,0
DA:59,0
DA:60,0
DA:61,0
DA:65,0
DA:66,0
DA:67,0
DA:68,0
DA:72,0
DA:73,0
DA:75,0
DA:78,0
DA:80,0
DA:83,0
DA:94,0
DA:97,0
DA:101,0
DA:104,0
DA:105,0
DA:106,0
DA:107,0
DA:110,0
DA:113,0
DA:114,0
DA:122,0
DA:123,0
DA:125,0
DA:126,0
DA:127,0
DA:129,0
DA:131,0
DA:132,0
DA:133,0
DA:137,0
DA:140,0
DA:141,0
DA:142,0
DA:145,0
DA:148,0
DA:149,0
DA:150,0
DA:154,0
DA:157,0
DA:158,0
DA:159,0
DA:163,0
DA:166,0
DA:167,0
DA:168,0
DA:172,0
DA:175,0
DA:176,0
DA:177,0
DA:181,0
DA:184,0
DA:185,0
DA:186,0
DA:191,0
DA:205,0
DA:215,0
DA:222,0
DA:223,0
DA:237,0
DA:238,0
DA:254,0
DA:270,0
DA:277,0
DA:284,0
DA:291,0
DA:298,0
DA:305,0
DA:313,0
DA:314,0
DA:315,0
DA:317,0
DA:318,0
DA:324,0
DA:325,0
DA:336,0
DA:337,0
DA:340,0
DA:356,0
LF:95
LH:0
BRDA:18,0,0,0
BRDA:18,0,1,0
BRDA:59,1,0,0
BRDA:59,1,1,0
BRDA:65,2,0,0
BRDA:65,2,1,0
BRDA:66,3,0,0
BRDA:66,3,1,0
BRDA:73,4,0,0
BRDA:73,4,1,0
BRDA:73,5,0,0
BRDA:73,5,1,0
BRDA:104,6,0,0
BRDA:104,6,1,0
BRDA:123,7,0,0
BRDA:123,7,1,0
BRDA:129,8,0,0
BRDA:129,8,1,0
BRDA:129,8,2,0
BRDA:129,8,3,0
BRDA:129,8,4,0
BRDA:129,8,5,0
BRDA:129,8,6,0
BRDA:184,9,0,0
BRDA:184,9,1,0
BRDA:246,10,0,0
BRDA:246,10,1,0
BRDA:262,11,0,0
BRDA:262,11,1,0
BRDA:263,12,0,0
BRDA:263,12,1,0
BRDA:315,13,0,0
BRDA:315,13,1,0
BRDA:324,14,0,0
BRDA:324,14,1,0
BRF:35
BRH:0
end_of_record
TN:
SF:services\contractAnalyzer.js
FN:7,(anonymous_0)
FN:218,(anonymous_1)
FN:248,(anonymous_2)
FN:295,(anonymous_3)
FN:336,(anonymous_4)
FN:350,(anonymous_5)
FN:482,(anonymous_6)
FN:492,(anonymous_7)
FN:516,(anonymous_8)
FN:557,(anonymous_9)
FN:562,(anonymous_10)
FN:593,(anonymous_11)
FN:729,(anonymous_12)
FN:780,(anonymous_13)
FN:862,(anonymous_14)
FN:870,(anonymous_15)
FN:875,(anonymous_16)
FN:880,(anonymous_17)
FN:1002,(anonymous_18)
FN:1078,(anonymous_19)
FN:1095,(anonymous_20)
FN:1102,(anonymous_21)
FN:1110,(anonymous_22)
FN:1116,(anonymous_23)
FN:1124,(anonymous_24)
FN:1266,(anonymous_25)
FN:1302,(anonymous_26)
FN:1322,(anonymous_27)
FN:1338,(anonymous_28)
FN:1413,(anonymous_29)
FN:1418,(anonymous_30)
FN:1424,(anonymous_31)
FN:1457,(anonymous_32)
FN:1495,(anonymous_33)
FN:1559,(anonymous_34)
FN:1569,(anonymous_35)
FN:1578,(anonymous_36)
FN:1599,(anonymous_37)
FN:1609,(anonymous_38)
FNF:39
FNH:0
FNDA:0,(anonymous_0)
FNDA:0,(anonymous_1)
FNDA:0,(anonymous_2)
FNDA:0,(anonymous_3)
FNDA:0,(anonymous_4)
FNDA:0,(anonymous_5)
FNDA:0,(anonymous_6)
FNDA:0,(anonymous_7)
FNDA:0,(anonymous_8)
FNDA:0,(anonymous_9)
FNDA:0,(anonymous_10)
FNDA:0,(anonymous_11)
FNDA:0,(anonymous_12)
FNDA:0,(anonymous_13)
FNDA:0,(anonymous_14)
FNDA:0,(anonymous_15)
FNDA:0,(anonymous_16)
FNDA:0,(anonymous_17)
FNDA:0,(anonymous_18)
FNDA:0,(anonymous_19)
FNDA:0,(anonymous_20)
FNDA:0,(anonymous_21)
FNDA:0,(anonymous_22)
FNDA:0,(anonymous_23)
FNDA:0,(anonymous_24)
FNDA:0,(anonymous_25)
FNDA:0,(anonymous_26)
FNDA:0,(anonymous_27)
FNDA:0,(anonymous_28)
FNDA:0,(anonymous_29)
FNDA:0,(anonymous_30)
FNDA:0,(anonymous_31)
FNDA:0,(anonymous_32)
FNDA:0,(anonymous_33)
FNDA:0,(anonymous_34)
FNDA:0,(anonymous_35)
FNDA:0,(anonymous_36)
FNDA:0,(anonymous_37)
FNDA:0,(anonymous_38)
DA:9,0
DA:60,0
DA:219,0
DA:221,0
DA:242,0
DA:249,0
DA:251,0
DA:252,0
DA:253,0
DA:254,0
DA:255,0
DA:258,0
DA:259,0
DA:263,0
DA:264,0
DA:268,0
DA:271,0
DA:272,0
DA:274,0
DA:275,0
DA:279,0
DA:281,0
DA:282,0
DA:284,0
DA:285,0
DA:289,0
DA:296,0
DA:299,0
DA:302,0
DA:303,0
DA:304,0
DA:305,0
DA:307,0
DA:311,0
DA:312,0
DA:313,0
DA:314,0
DA:318,0
DA:319,0
DA:320,0
DA:322,0
DA:326,0
DA:327,0
DA:330,0
DA:337,0
DA:339,0
DA:340,0
DA:344,0
DA:351,0
DA:354,0
DA:358,0
DA:391,0
DA:392,0
DA:393,0
DA:395,0
DA:396,0
DA:397,0
DA:404,0
DA:409,0
DA:410,0
DA:413,0
DA:414,0
DA:416,0
DA:417,0
DA:420,0
DA:426,0
DA:429,0
DA:432,0
DA:435,0
DA:438,0
DA:439,0
DA:443,0
DA:444,0
DA:445,0
DA:448,0
DA:450,0
DA:451,0
DA:452,0
DA:457,0
DA:459,0
DA:460,0
DA:463,0
DA:467,0
DA:474,0
DA:478,0
DA:479,0
DA:483,0
DA:484,0
DA:485,0
DA:486,0
DA:489,0
DA:493,0
DA:496,0
DA:497,0
DA:498,0
DA:499,0
DA:500,0
DA:503,0
DA:504,0
DA:507,0
DA:509,0
DA:518,0
DA:523,0
DA:525,0
DA:526,0
DA:527,0
DA:529,0
DA:530,0
DA:532,0
DA:533,0
DA:534,0
DA:535,0
DA:536,0
DA:538,0
DA:539,0
DA:540,0
DA:545,0
DA:551,0
DA:558,0
DA:561,0
DA:562,0
DA:564,0
DA:565,0
DA:566,0
DA:567,0
DA:569,0
DA:572,0
DA:574,0
DA:575,0
DA:577,0
DA:580,0
DA:581,0
DA:582,0
DA:583,0
DA:584,0
DA:586,0
DA:589,0
DA:590,0
DA:593,0
DA:594,0
DA:595,0
DA:596,0
DA:597,0
DA:601,0
DA:602,0
DA:603,0
DA:606,0
DA:607,0
DA:608,0
DA:609,0
DA:613,0
DA:614,0
DA:616,0
DA:617,0
DA:618,0
DA:619,0
DA:620,0
DA:621,0
DA:625,0
DA:626,0
DA:627,0
DA:628,0
DA:629,0
DA:630,0
DA:637,0
DA:638,0
DA:640,0
DA:641,0
DA:643,0
DA:646,0
DA:647,0
DA:648,0
DA:649,0
DA:650,0
DA:652,0
DA:655,0
DA:656,0
DA:658,0
DA:659,0
DA:660,0
DA:662,0
DA:664,0
DA:665,0
DA:666,0
DA:667,0
DA:674,0
DA:675,0
DA:677,0
DA:679,0
DA:680,0
DA:682,0
DA:683,0
DA:684,0
DA:686,0
DA:688,0
DA:689,0
DA:690,0
DA:693,0
DA:694,0
DA:696,0
DA:707,0
DA:708,0
DA:709,0
DA:710,0
DA:711,0
DA:712,0
DA:713,0
DA:717,0
DA:718,0
DA:719,0
DA:720,0
DA:721,0
DA:722,0
DA:728,0
DA:729,0
DA:731,0
DA:732,0
DA:734,0
DA:735,0
DA:736,0
DA:737,0
DA:739,0
DA:744,0
DA:745,0
DA:747,0
DA:748,0
DA:749,0
DA:751,0
DA:752,0
DA:753,0
DA:754,0
DA:757,0
DA:758,0
DA:762,0
DA:769,0
DA:781,0
DA:784,0
DA:786,0
DA:787,0
DA:795,0
DA:796,0
DA:798,0
DA:799,0
DA:800,0
DA:802,0
DA:805,0
DA:811,0
DA:812,0
DA:814,0
DA:817,0
DA:818,0
DA:827,0
DA:828,0
DA:832,0
DA:834,0
DA:845,0
DA:846,0
DA:847,0
DA:855,0
DA:856,0
DA:863,0
DA:866,0
DA:870,0
DA:875,0
DA:880,0
DA:884,0
DA:885,0
DA:886,0
DA:887,0
DA:888,0
DA:889,0
DA:894,0
DA:904,0
DA:905,0
DA:906,0
DA:907,0
DA:908,0
DA:909,0
DA:911,0
DA:912,0
DA:913,0
DA:925,0
DA:931,0
DA:932,0
DA:933,0
DA:934,0
DA:935,0
DA:936,0
DA:948,0
DA:949,0
DA:951,0
DA:952,0
DA:954,0
DA:955,0
DA:957,0
DA:958,0
DA:967,0
DA:968,0
DA:970,0
DA:972,0
DA:984,0
DA:985,0
DA:986,0
DA:988,0
DA:989,0
DA:990,0
DA:993,0
DA:994,0
DA:1003,0
DA:1005,0
DA:1007,0
DA:1009,0
DA:1010,0
DA:1012,0
DA:1013,0
DA:1015,0
DA:1016,0
DA:1019,0
DA:1020,0
DA:1021,0
DA:1022,0
DA:1023,0
DA:1024,0
DA:1027,0
DA:1039,0
DA:1044,0
DA:1045,0
DA:1046,0
DA:1047,0
DA:1048,0
DA:1049,0
DA:1050,0
DA:1052,0
DA:1053,0
DA:1054,0
DA:1055,0
DA:1056,0
DA:1059,0
DA:1070,0
DA:1071,0
DA:1092,0
DA:1095,0
DA:1096,0
DA:1097,0
DA:1098,0
DA:1102,0
DA:1103,0
DA:1104,0
DA:1105,0
DA:1106,0
DA:1110,0
DA:1111,0
DA:1112,0
DA:1116,0
DA:1117,0
DA:1118,0
DA:1119,0
DA:1120,0
DA:1124,0
DA:1125,0
DA:1126,0
DA:1127,0
DA:1128,0
DA:1129,0
DA:1133,0
DA:1134,0
DA:1135,0
DA:1155,0
DA:1156,0
DA:1157,0
DA:1177,0
DA:1178,0
DA:1179,0
DA:1199,0
DA:1200,0
DA:1201,0
DA:1221,0
DA:1222,0
DA:1223,0
DA:1243,0
DA:1244,0
DA:1267,0
DA:1270,0
DA:1271,0
DA:1272,0
DA:1273,0
DA:1274,0
DA:1279,0
DA:1280,0
DA:1281,0
DA:1283,0
DA:1284,0
DA:1285,0
DA:1288,0
DA:1289,0
DA:1290,0
DA:1293,0
DA:1294,0
DA:1298,0
DA:1299,0
DA:1303,0
DA:1306,0
DA:1312,0
DA:1313,0
DA:1323,0
DA:1326,0
DA:1337,0
DA:1338,0
DA:1339,0
DA:1340,0
DA:1344,0
DA:1345,0
DA:1349,0
DA:1350,0
DA:1353,0
DA:1375,0
DA:1376,0
DA:1378,0
DA:1380,0
DA:1381,0
DA:1382,0
DA:1383,0
DA:1384,0
DA:1386,0
DA:1387,0
DA:1388,0
DA:1389,0
DA:1395,0
DA:1396,0
DA:1398,0
DA:1399,0
DA:1400,0
DA:1401,0
DA:1402,0
DA:1404,0
DA:1405,0
DA:1406,0
DA:1413,0
DA:1415,0
DA:1418,0
DA:1419,0
DA:1420,0
DA:1421,0
DA:1422,0
DA:1424,0
DA:1425,0
DA:1426,0
DA:1427,0
DA:1429,0
DA:1432,0
DA:1446,0
DA:1456,0
DA:1457,0
DA:1458,0
DA:1459,0
DA:1464,0
DA:1465,0
DA:1466,0
DA:1478,0
DA:1479,0
DA:1496,0
DA:1500,0
DA:1552,0
DA:1554,0
DA:1555,0
DA:1558,0
DA:1559,0
DA:1560,0
DA:1561,0
DA:1562,0
DA:1568,0
DA:1569,0
DA:1570,0
DA:1571,0
DA:1577,0
DA:1578,0
DA:1579,0
DA:1580,0
DA:1585,0
DA:1588,0
DA:1591,0
DA:1594,0
DA:1595,0
DA:1596,0
DA:1599,0
DA:1600,0
DA:1602,0
DA:1610,0
DA:1611,0
DA:1612,0
DA:1615,0
DA:1618,0
DA:1619,0
DA:1622,0
DA:1623,0
DA:1626,0
DA:1627,0
DA:1630,0
DA:1632,0
DA:1633,0
DA:1635,0
DA:1639,0
DA:1642,0
DA:1645,0
DA:1648,0
DA:1651,0
DA:1652,0
DA:1653,0
DA:1656,0
DA:1657,0
DA:1658,0
DA:1661,0
DA:1662,0
DA:1663,0
DA:1664,0
DA:1666,0
DA:1668,0
DA:1669,0
DA:1671,0
DA:1672,0
DA:1676,0
DA:1677,0
DA:1679,0
DA:1680,0
DA:1681,0
DA:1683,0
DA:1684,0
DA:1685,0
DA:1686,0
DA:1689,0
DA:1690,0
DA:1692,0
DA:1697,0
DA:1698,0
DA:1699,0
DA:1700,0
DA:1703,0
DA:1704,0
DA:1705,0
DA:1707,0
DA:1708,0
DA:1709,0
DA:1710,0
DA:1712,0
DA:1713,0
DA:1714,0
DA:1715,0
DA:1716,0
DA:1717,0
DA:1721,0
DA:1722,0
DA:1723,0
DA:1725,0
DA:1726,0
DA:1728,0
DA:1729,0
DA:1732,0
DA:1735,0
DA:1753,0
DA:1754,0
DA:1755,0
DA:1757,0
DA:1758,0
DA:1759,0
DA:1760,0
DA:1761,0
DA:1765,0
DA:1766,0
DA:1767,0
DA:1768,0
DA:1769,0
DA:1770,0
DA:1771,0
DA:1775,0
DA:1790,0
DA:1851,0
DA:1852,0
DA:1860,0
LF:578
LH:0
BRDA:249,0,0,0
BRDA:249,0,1,0
BRDA:249,1,0,0
BRDA:249,1,1,0
BRDA:258,2,0,0
BRDA:258,2,1,0
BRDA:263,3,0,0
BRDA:263,3,1,0
BRDA:268,4,0,0
BRDA:268,4,1,0
BRDA:274,5,0,0
BRDA:274,5,1,0
BRDA:279,6,0,0
BRDA:279,6,1,0
BRDA:284,7,0,0
BRDA:284,7,1,0
BRDA:302,8,0,0
BRDA:302,8,1,0
BRDA:302,9,0,0
BRDA:302,9,1,0
BRDA:304,10,0,0
BRDA:304,10,1,0
BRDA:304,11,0,0
BRDA:304,11,1,0
BRDA:311,12,0,0
BRDA:311,12,1,0
BRDA:313,13,0,0
BRDA:313,13,1,0
BRDA:319,14,0,0
BRDA:319,14,1,0
BRDA:326,15,0,0
BRDA:326,15,1,0
BRDA:337,16,0,0
BRDA:337,16,1,0
BRDA:337,17,0,0
BRDA:337,17,1,0
BRDA:340,18,0,0
BRDA:340,18,1,0
BRDA:393,19,0,0
BRDA:393,19,1,0
BRDA:393,20,0,0
BRDA:393,20,1,0
BRDA:395,21,0,0
BRDA:395,21,1,0
BRDA:417,22,0,0
BRDA:417,22,1,0
BRDA:426,23,0,0
BRDA:426,23,1,0
BRDA:426,24,0,0
BRDA:426,24,1,0
BRDA:429,25,0,0
BRDA:429,25,1,0
BRDA:429,26,0,0
BRDA:429,26,1,0
BRDA:429,26,2,0
BRDA:429,26,3,0
BRDA:438,27,0,0
BRDA:438,27,1,0
BRDA:443,28,0,0
BRDA:443,28,1,0
BRDA:444,29,0,0
BRDA:444,29,1,0
BRDA:450,30,0,0
BRDA:450,30,1,0
BRDA:457,31,0,0
BRDA:457,31,1,0
BRDA:459,32,0,0
BRDA:459,32,1,0
BRDA:485,33,0,0
BRDA:485,33,1,0
BRDA:486,34,0,0
BRDA:486,34,1,0
BRDA:493,35,0,0
BRDA:493,35,1,0
BRDA:497,36,0,0
BRDA:497,36,1,0
BRDA:503,37,0,0
BRDA:503,37,1,0
BRDA:504,38,0,0
BRDA:504,38,1,0
BRDA:532,39,0,0
BRDA:532,39,1,0
BRDA:536,40,0,0
BRDA:536,40,1,0
BRDA:539,41,0,0
BRDA:539,41,1,0
BRDA:580,42,0,0
BRDA:580,42,1,0
BRDA:582,43,0,0
BRDA:582,43,1,0
BRDA:590,44,0,0
BRDA:590,44,1,0
BRDA:590,45,0,0
BRDA:590,45,1,0
BRDA:607,46,0,0
BRDA:607,46,1,0
BRDA:607,47,0,0
BRDA:607,47,1,0
BRDA:616,48,0,0
BRDA:616,48,1,0
BRDA:616,49,0,0
BRDA:616,49,1,0
BRDA:618,50,0,0
BRDA:618,50,1,0
BRDA:625,51,0,0
BRDA:625,51,1,0
BRDA:625,52,0,0
BRDA:625,52,1,0
BRDA:627,53,0,0
BRDA:627,53,1,0
BRDA:637,54,0,0
BRDA:637,54,1,0
BRDA:637,55,0,0
BRDA:637,55,1,0
BRDA:646,56,0,0
BRDA:646,56,1,0
BRDA:648,57,0,0
BRDA:648,57,1,0
BRDA:656,58,0,0
BRDA:656,58,1,0
BRDA:656,59,0,0
BRDA:656,59,1,0
BRDA:664,60,0,0
BRDA:664,60,1,0
BRDA:664,61,0,0
BRDA:664,61,1,0
BRDA:674,62,0,0
BRDA:674,62,1,0
BRDA:674,63,0,0
BRDA:674,63,1,0
BRDA:674,63,2,0
BRDA:674,63,3,0
BRDA:686,64,0,0
BRDA:686,64,1,0
BRDA:686,65,0,0
BRDA:686,65,1,0
BRDA:694,66,0,0
BRDA:694,66,1,0
BRDA:708,67,0,0
BRDA:708,67,1,0
BRDA:708,68,0,0
BRDA:708,68,1,0
BRDA:710,69,0,0
BRDA:710,69,1,0
BRDA:710,70,0,0
BRDA:710,70,1,0
BRDA:717,71,0,0
BRDA:717,71,1,0
BRDA:717,72,0,0
BRDA:717,72,1,0
BRDA:719,73,0,0
BRDA:719,73,1,0
BRDA:719,74,0,0
BRDA:719,74,1,0
BRDA:728,75,0,0
BRDA:728,75,1,0
BRDA:728,76,0,0
BRDA:728,76,1,0
BRDA:728,76,2,0
BRDA:744,77,0,0
BRDA:744,77,1,0
BRDA:744,78,0,0
BRDA:744,78,1,0
BRDA:744,78,2,0
BRDA:748,79,0,0
BRDA:748,79,1,0
BRDA:751,80,0,0
BRDA:751,80,1,0
BRDA:753,81,0,0
BRDA:753,81,1,0
BRDA:763,82,0,0
BRDA:763,82,1,0
BRDA:765,83,0,0
BRDA:765,83,1,0
BRDA:784,84,0,0
BRDA:784,84,1,0
BRDA:784,85,0,0
BRDA:784,85,1,0
BRDA:802,86,0,0
BRDA:802,86,1,0
BRDA:811,87,0,0
BRDA:811,87,1,0
BRDA:817,88,0,0
BRDA:817,88,1,0
BRDA:817,89,0,0
BRDA:817,89,1,0
BRDA:817,89,2,0
BRDA:817,89,3,0
BRDA:827,90,0,0
BRDA:827,90,1,0
BRDA:828,91,0,0
BRDA:828,91,1,0
BRDA:829,92,0,0
BRDA:829,92,1,0
BRDA:845,93,0,0
BRDA:845,93,1,0
BRDA:845,94,0,0
BRDA:845,94,1,0
BRDA:886,95,0,0
BRDA:886,95,1,0
BRDA:906,96,0,0
BRDA:906,96,1,0
BRDA:911,97,0,0
BRDA:911,97,1,0
BRDA:911,98,0,0
BRDA:911,98,1,0
BRDA:932,99,0,0
BRDA:932,99,1,0
BRDA:934,100,0,0
BRDA:934,100,1,0
BRDA:952,101,0,0
BRDA:952,101,1,0
BRDA:957,102,0,0
BRDA:957,102,1,0
BRDA:957,103,0,0
BRDA:957,103,1,0
BRDA:957,103,2,0
BRDA:957,103,3,0
BRDA:967,104,0,0
BRDA:967,104,1,0
BRDA:967,105,0,0
BRDA:967,105,1,0
BRDA:967,106,0,0
BRDA:967,106,1,0
BRDA:968,107,0,0
BRDA:968,107,1,0
BRDA:968,108,0,0
BRDA:968,108,1,0
BRDA:984,109,0,0
BRDA:984,109,1,0
BRDA:984,110,0,0
BRDA:984,110,1,0
BRDA:988,111,0,0
BRDA:988,111,1,0
BRDA:988,112,0,0
BRDA:988,112,1,0
BRDA:1002,113,0,0
BRDA:1012,114,0,0
BRDA:1012,114,1,0
BRDA:1015,115,0,0
BRDA:1015,115,1,0
BRDA:1015,116,0,0
BRDA:1015,116,1,0
BRDA:1020,117,0,0
BRDA:1020,117,1,0
BRDA:1047,118,0,0
BRDA:1047,118,1,0
BRDA:1048,119,0,0
BRDA:1048,119,1,0
BRDA:1049,120,0,0
BRDA:1049,120,1,0
BRDA:1049,121,0,0
BRDA:1049,121,1,0
BRDA:1053,122,0,0
BRDA:1053,122,1,0
BRDA:1096,123,0,0
BRDA:1096,123,1,0
BRDA:1103,124,0,0
BRDA:1103,124,1,0
BRDA:1104,125,0,0
BRDA:1104,125,1,0
BRDA:1105,126,0,0
BRDA:1105,126,1,0
BRDA:1106,127,0,0
BRDA:1106,127,1,0
BRDA:1106,128,0,0
BRDA:1106,128,1,0
BRDA:1111,129,0,0
BRDA:1111,129,1,0
BRDA:1112,130,0,0
BRDA:1112,130,1,0
BRDA:1112,131,0,0
BRDA:1112,131,1,0
BRDA:1117,132,0,0
BRDA:1117,132,1,0
BRDA:1117,133,0,0
BRDA:1117,133,1,0
BRDA:1118,134,0,0
BRDA:1118,134,1,0
BRDA:1119,135,0,0
BRDA:1119,135,1,0
BRDA:1125,136,0,0
BRDA:1125,136,1,0
BRDA:1126,137,0,0
BRDA:1126,137,1,0
BRDA:1127,138,0,0
BRDA:1127,138,1,0
BRDA:1128,139,0,0
BRDA:1128,139,1,0
BRDA:1133,140,0,0
BRDA:1133,140,1,0
BRDA:1138,141,0,0
BRDA:1138,141,1,0
BRDA:1139,142,0,0
BRDA:1139,142,1,0
BRDA:1143,143,0,0
BRDA:1143,143,1,0
BRDA:1143,143,2,0
BRDA:1148,144,0,0
BRDA:1148,144,1,0
BRDA:1155,145,0,0
BRDA:1155,145,1,0
BRDA:1160,146,0,0
BRDA:1160,146,1,0
BRDA:1161,147,0,0
BRDA:1161,147,1,0
BRDA:1161,148,0,0
BRDA:1161,148,1,0
BRDA:1165,149,0,0
BRDA:1165,149,1,0
BRDA:1165,150,0,0
BRDA:1165,150,1,0
BRDA:1170,151,0,0
BRDA:1170,151,1,0
BRDA:1170,151,2,0
BRDA:1177,152,0,0
BRDA:1177,152,1,0
BRDA:1182,153,0,0
BRDA:1182,153,1,0
BRDA:1187,154,0,0
BRDA:1187,154,1,0
BRDA:1188,155,0,0
BRDA:1188,155,1,0
BRDA:1192,156,0,0
BRDA:1192,156,1,0
BRDA:1193,157,0,0
BRDA:1193,157,1,0
BRDA:1199,158,0,0
BRDA:1199,158,1,0
BRDA:1204,159,0,0
BRDA:1204,159,1,0
BRDA:1209,160,0,0
BRDA:1209,160,1,0
BRDA:1214,161,0,0
BRDA:1214,161,1,0
BRDA:1221,162,0,0
BRDA:1221,162,1,0
BRDA:1226,163,0,0
BRDA:1226,163,1,0
BRDA:1226,163,2,0
BRDA:1231,164,0,0
BRDA:1231,164,1,0
BRDA:1231,165,0,0
BRDA:1231,165,1,0
BRDA:1236,166,0,0
BRDA:1236,166,1,0
BRDA:1247,167,0,0
BRDA:1247,167,1,0
BRDA:1248,168,0,0
BRDA:1248,168,1,0
BRDA:1248,169,0,0
BRDA:1248,169,1,0
BRDA:1252,170,0,0
BRDA:1252,170,1,0
BRDA:1253,171,0,0
BRDA:1253,171,1,0
BRDA:1253,172,0,0
BRDA:1253,172,1,0
BRDA:1257,173,0,0
BRDA:1257,173,1,0
BRDA:1258,174,0,0
BRDA:1258,174,1,0
BRDA:1272,175,0,0
BRDA:1272,175,1,0
BRDA:1281,176,0,0
BRDA:1281,176,1,0
BRDA:1288,177,0,0
BRDA:1288,177,1,0
BRDA:1303,178,0,0
BRDA:1303,178,1,0
BRDA:1313,179,0,0
BRDA:1313,179,1,0
BRDA:1339,180,0,0
BRDA:1339,180,1,0
BRDA:1340,181,0,0
BRDA:1340,181,1,0
BRDA:1344,182,0,0
BRDA:1344,182,1,0
BRDA:1384,183,0,0
BRDA:1384,183,1,0
BRDA:1386,184,0,0
BRDA:1386,184,1,0
BRDA:1386,185,0,0
BRDA:1386,185,1,0
BRDA:1386,185,2,0
BRDA:1386,185,3,0
BRDA:1395,186,0,0
BRDA:1395,186,1,0
BRDA:1402,187,0,0
BRDA:1402,187,1,0
BRDA:1404,188,0,0
BRDA:1404,188,1,0
BRDA:1404,189,0,0
BRDA:1404,189,1,0
BRDA:1404,189,2,0
BRDA:1404,189,3,0
BRDA:1404,189,4,0
BRDA:1415,190,0,0
BRDA:1415,190,1,0
BRDA:1422,191,0,0
BRDA:1422,191,1,0
BRDA:1458,192,0,0
BRDA:1458,192,1,0
BRDA:1459,193,0,0
BRDA:1459,193,1,0
BRDA:1464,194,0,0
BRDA:1464,194,1,0
BRDA:1464,195,0,0
BRDA:1464,195,1,0
BRDA:1558,196,0,0
BRDA:1558,196,1,0
BRDA:1560,197,0,0
BRDA:1560,197,1,0
BRDA:1568,198,0,0
BRDA:1568,198,1,0
BRDA:1570,199,0,0
BRDA:1570,199,1,0
BRDA:1577,200,0,0
BRDA:1577,200,1,0
BRDA:1579,201,0,0
BRDA:1579,201,1,0
BRDA:1594,202,0,0
BRDA:1594,202,1,0
BRDA:1609,203,0,0
BRDA:1632,204,0,0
BRDA:1632,204,1,0
BRDA:1661,205,0,0
BRDA:1661,205,1,0
BRDA:1661,206,0,0
BRDA:1661,206,1,0
BRDA:1661,206,2,0
BRDA:1666,207,0,0
BRDA:1666,207,1,0
BRDA:1676,208,0,0
BRDA:1676,208,1,0
BRDA:1676,209,0,0
BRDA:1676,209,1,0
BRDA:1676,209,2,0
BRDA:1680,210,0,0
BRDA:1680,210,1,0
BRDA:1683,211,0,0
BRDA:1683,211,1,0
BRDA:1685,212,0,0
BRDA:1685,212,1,0
BRDA:1707,213,0,0
BRDA:1707,213,1,0
BRDA:1707,214,0,0
BRDA:1707,214,1,0
BRDA:1707,214,2,0
BRDA:1714,215,0,0
BRDA:1714,215,1,0
BRDA:1714,216,0,0
BRDA:1714,216,1,0
BRDA:1722,217,0,0
BRDA:1722,217,1,0
BRDA:1722,218,0,0
BRDA:1722,218,1,0
BRDA:1725,219,0,0
BRDA:1725,219,1,0
BRDA:1725,220,0,0
BRDA:1725,220,1,0
BRDA:1728,221,0,0
BRDA:1728,221,1,0
BRDA:1732,222,0,0
BRDA:1732,222,1,0
BRDA:1733,223,0,0
BRDA:1733,223,1,0
BRDA:1736,224,0,0
BRDA:1736,224,1,0
BRDA:1737,225,0,0
BRDA:1737,225,1,0
BRDA:1738,226,0,0
BRDA:1738,226,1,0
BRDA:1739,227,0,0
BRDA:1739,227,1,0
BRDA:1742,228,0,0
BRDA:1742,228,1,0
BRDA:1743,229,0,0
BRDA:1743,229,1,0
BRDA:1744,230,0,0
BRDA:1744,230,1,0
BRDA:1745,231,0,0
BRDA:1745,231,1,0
BRDA:1757,232,0,0
BRDA:1757,232,1,0
BRDA:1757,233,0,0
BRDA:1757,233,1,0
BRDA:1767,234,0,0
BRDA:1767,234,1,0
BRDA:1807,235,0,0
BRDA:1807,235,1,0
BRDA:1809,236,0,0
BRDA:1809,236,1,0
BRDA:1811,237,0,0
BRDA:1811,237,1,0
BRDA:1812,238,0,0
BRDA:1812,238,1,0
BRDA:1813,239,0,0
BRDA:1813,239,1,0
BRDA:1828,240,0,0
BRDA:1828,240,1,0
BRDA:1847,241,0,0
BRDA:1847,241,1,0
BRF:503
BRH:0
end_of_record
TN:
SF:services\contractEmbedder.js
FN:17,getInstances
FN:27,(anonymous_1)
FN:54,embedContract
FN:118,(anonymous_3)
FN:169,embedContractAsync
FN:170,(anonymous_5)
FN:176,(anonymous_6)
FNF:7
FNH:0
FNDA:0,getInstances
FNDA:0,(anonymous_1)
FNDA:0,embedContract
FNDA:0,(anonymous_3)
FNDA:0,embedContractAsync
FNDA:0,(anonymous_5)
FNDA:0,(anonymous_6)
DA:5,0
DA:6,0
DA:7,0
DA:10,0
DA:11,0
DA:12,0
DA:18,0
DA:19,0
DA:23,0
DA:24,0
DA:27,0
DA:28,0
DA:29,0
DA:30,0
DA:31,0
DA:32,0
DA:33,0
DA:36,0
DA:37,0
DA:38,0
DA:39,0
DA:43,0
DA:55,0
DA:57,0
DA:58,0
DA:60,0
DA:61,0
DA:64,0
DA:65,0
DA:66,0
DA:67,0
DA:68,0
DA:69,0
DA:73,0
DA:74,0
DA:75,0
DA:79,0
DA:87,0
DA:94,0
DA:98,0
DA:99,0
DA:100,0
DA:104,0
DA:107,0
DA:109,0
DA:110,0
DA:111,0
DA:115,0
DA:118,0
DA:134,0
DA:137,0
DA:138,0
DA:139,0
DA:140,0
DA:141,0
DA:146,0
DA:149,0
DA:150,0
DA:152,0
DA:155,0
DA:156,0
DA:157,0
DA:170,0
DA:171,0
DA:172,0
DA:173,0
DA:174,0
DA:177,0
DA:181,0
LF:69
LH:0
BRDA:18,0,0,0
BRDA:18,0,1,0
BRDA:18,1,0,0
BRDA:18,1,1,0
BRDA:23,2,0,0
BRDA:23,2,1,0
BRDA:61,3,0,0
BRDA:61,3,1,0
BRDA:64,4,0,0
BRDA:64,4,1,0
BRDA:73,5,0,0
BRDA:73,5,1,0
BRDA:79,6,0,0
BRDA:79,6,1,0
BRDA:79,6,2,0
BRDA:79,6,3,0
BRDA:79,6,4,0
BRDA:79,6,5,0
BRDA:89,7,0,0
BRDA:89,7,1,0
BRDA:90,8,0,0
BRDA:90,8,1,0
BRDA:90,8,2,0
BRDA:98,9,0,0
BRDA:98,9,1,0
BRDA:98,10,0,0
BRDA:98,10,1,0
BRDA:99,11,0,0
BRDA:99,11,1,0
BRDA:109,12,0,0
BRDA:109,12,1,0
BRDA:171,13,0,0
BRDA:171,13,1,0
BRDA:173,14,0,0
BRDA:173,14,1,0
BRF:35
BRH:0
end_of_record
TN:
SF:services\costOptimization.js
FN:5,(anonymous_0)
FN:52,(anonymous_1)
FN:87,(anonymous_2)
FN:99,(anonymous_3)
FN:116,(anonymous_4)
FN:136,(anonymous_5)
FN:159,(anonymous_6)
FN:177,(anonymous_7)
FN:192,(anonymous_8)
FN:207,(anonymous_9)
FN:217,(anonymous_10)
FN:235,(anonymous_11)
FNF:12
FNH:0
FNDA:0,(anonymous_0)
FNDA:0,(anonymous_1)
FNDA:0,(anonymous_2)
FNDA:0,(anonymous_3)
FNDA:0,(anonymous_4)
FNDA:0,(anonymous_5)
FNDA:0,(anonymous_6)
FNDA:0,(anonymous_7)
FNDA:0,(anonymous_8)
FNDA:0,(anonymous_9)
FNDA:0,(anonymous_10)
FNDA:0,(anonymous_11)
DA:7,0
DA:24,0
DA:42,0
DA:43,0
DA:53,0
DA:54,0
DA:56,0
DA:57,0
DA:60,0
DA:61,0
DA:62,0
DA:63,0
DA:67,0
DA:68,0
DA:70,0
DA:71,0
DA:72,0
DA:79,0
DA:88,0
DA:89,0
DA:90,0
DA:91,0
DA:100,0
DA:101,0
DA:104,0
DA:105,0
DA:106,0
DA:108,0
DA:117,0
DA:118,0
DA:119,0
DA:122,0
DA:123,0
DA:124,0
DA:126,0
DA:127,0
DA:129,0
DA:137,0
DA:138,0
DA:140,0
DA:160,0
DA:162,0
DA:169,0
DA:178,0
DA:179,0
DA:180,0
DA:183,0
DA:184,0
DA:194,0
DA:195,0
DA:196,0
DA:199,0
DA:208,0
DA:209,0
DA:218,0
DA:219,0
DA:220,0
DA:222,0
DA:232,0
DA:234,0
DA:236,0
DA:237,0
DA:239,0
LF:63
LH:0
BRDA:52,0,0,0
BRDA:54,1,0,0
BRDA:54,1,1,0
BRDA:60,2,0,0
BRDA:60,2,1,0
BRDA:70,3,0,0
BRDA:70,3,1,0
BRDA:70,4,0,0
BRDA:70,4,1,0
BRDA:75,5,0,0
BRDA:75,5,1,0
BRDA:87,6,0,0
BRDA:89,7,0,0
BRDA:89,7,1,0
BRDA:142,8,0,0
BRDA:142,8,1,0
BRDA:145,9,0,0
BRDA:145,9,1,0
BRDA:178,10,0,0
BRDA:178,10,1,0
BRDA:179,11,0,0
BRDA:179,11,1,0
BRDA:183,12,0,0
BRDA:183,12,1,0
BRDA:194,13,0,0
BRDA:194,13,1,0
BRDA:236,14,0,0
BRDA:236,14,1,0
BRF:28
BRH:0
end_of_record
TN:
SF:services\costTracking.js
FN:7,(anonymous_0)
FN:43,(anonymous_1)
FN:69,(anonymous_2)
FN:128,(anonymous_3)
FN:177,(anonymous_4)
FN:222,(anonymous_5)
FN:232,(anonymous_6)
FN:268,(anonymous_7)
FN:296,(anonymous_8)
FN:310,(anonymous_9)
FN:321,getInstance
FNF:11
FNH:0
FNDA:0,(anonymous_0)
FNDA:0,(anonymous_1)
FNDA:0,(anonymous_2)
FNDA:0,(anonymous_3)
FNDA:0,(anonymous_4)
FNDA:0,(anonymous_5)
FNDA:0,(anonymous_6)
FNDA:0,(anonymous_7)
FNDA:0,(anonymous_8)
FNDA:0,(anonymous_9)
FNDA:0,getInstance
DA:4,1
DA:8,0
DA:9,0
DA:10,0
DA:13,0
DA:37,0
DA:44,0
DA:46,0
DA:47,0
DA:48,0
DA:49,0
DA:52,0
DA:53,0
DA:54,0
DA:56,0
DA:57,0
DA:59,0
DA:60,0
DA:79,0
DA:80,0
DA:81,0
DA:85,0
DA:86,0
DA:87,0
DA:88,0
DA:91,0
DA:109,0
DA:111,0
DA:113,0
DA:118,0
DA:120,0
DA:129,0
DA:130,0
DA:131,0
DA:134,0
DA:136,0
DA:147,0
DA:148,0
DA:149,0
DA:151,0
DA:160,0
DA:161,0
DA:178,0
DA:179,0
DA:180,0
DA:183,0
DA:206,0
DA:207,0
DA:218,0
DA:221,0
DA:222,0
DA:223,0
DA:224,0
DA:226,0
DA:227,0
DA:231,0
DA:232,0
DA:233,0
DA:234,0
DA:236,0
DA:237,0
DA:240,0
DA:250,0
DA:251,0
DA:269,0
DA:270,0
DA:271,0
DA:274,0
DA:275,0
DA:276,0
DA:278,0
DA:296,0
DA:302,0
DA:303,0
DA:311,0
DA:312,0
DA:313,0
DA:319,1
DA:322,0
DA:323,0
DA:325,0
DA:328,1
LF:82
LH:3
BRDA:37,0,0,0
BRDA:37,0,1,0
BRDA:44,1,0,0
BRDA:44,1,1,0
BRDA:75,2,0,0
BRDA:76,3,0,0
BRDA:77,4,0,0
BRDA:80,5,0,0
BRDA:80,5,1,0
BRDA:85,6,0,0
BRDA:85,6,1,0
BRDA:86,7,0,0
BRDA:86,7,1,0
BRDA:87,8,0,0
BRDA:87,8,1,0
BRDA:94,9,0,0
BRDA:94,9,1,0
BRDA:95,10,0,0
BRDA:95,10,1,0
BRDA:96,11,0,0
BRDA:96,11,1,0
BRDA:96,12,0,0
BRDA:96,12,1,0
BRDA:130,13,0,0
BRDA:130,13,1,0
BRDA:147,14,0,0
BRDA:147,14,1,0
BRDA:179,15,0,0
BRDA:179,15,1,0
BRDA:206,16,0,0
BRDA:206,16,1,0
BRDA:223,17,0,0
BRDA:223,17,1,0
BRDA:233,18,0,0
BRDA:233,18,1,0
BRDA:268,19,0,0
BRDA:270,20,0,0
BRDA:270,20,1,0
BRDA:311,21,0,0
BRDA:311,21,1,0
BRDA:322,22,0,0
BRDA:322,22,1,0
BRF:42
BRH:0
end_of_record
TN:
SF:services\courtDecisionEmbeddings.js
FN:8,(anonymous_0)
FN:25,(anonymous_1)
FN:44,(anonymous_2)
FN:67,(anonymous_3)
FN:113,(anonymous_4)
FN:141,(anonymous_5)
FN:142,(anonymous_6)
FN:149,(anonymous_7)
FN:170,(anonymous_8)
FN:196,(anonymous_9)
FN:206,(anonymous_10)
FN:214,(anonymous_11)
FN:252,(anonymous_12)
FNF:13
FNH:0
FNDA:0,(anonymous_0)
FNDA:0,(anonymous_1)
FNDA:0,(anonymous_2)
FNDA:0,(anonymous_3)
FNDA:0,(anonymous_4)
FNDA:0,(anonymous_5)
FNDA:0,(anonymous_6)
FNDA:0,(anonymous_7)
FNDA:0,(anonymous_8)
FNDA:0,(anonymous_9)
FNDA:0,(anonymous_10)
FNDA:0,(anonymous_11)
FNDA:0,(anonymous_12)
DA:4,0
DA:5,0
DA:9,0
DA:14,0
DA:15,0
DA:17,0
DA:26,0
DA:27,0
DA:32,0
DA:34,0
DA:35,0
DA:45,0
DA:47,0
DA:48,0
DA:49,0
DA:51,0
DA:52,0
DA:54,0
DA:56,0
DA:64,0
DA:67,0
DA:71,0
DA:84,0
DA:85,0
DA:87,0
DA:90,0
DA:93,0
DA:94,0
DA:98,0
DA:99,0
DA:101,0
DA:114,0
DA:116,0
DA:118,0
DA:121,0
DA:122,0
DA:123,0
DA:125,0
DA:126,0
DA:130,0
DA:132,0
DA:133,0
DA:134,0
DA:137,0
DA:140,0
DA:141,0
DA:143,0
DA:144,0
DA:149,0
DA:152,0
DA:153,0
DA:156,0
DA:159,0
DA:160,0
DA:171,0
DA:172,0
DA:175,0
DA:176,0
DA:177,0
DA:179,0
DA:180,0
DA:181,0
DA:182,0
DA:185,0
DA:187,0
DA:197,0
DA:207,0
DA:215,0
DA:216,0
DA:228,0
DA:240,0
DA:249,0
DA:251,0
DA:253,0
DA:254,0
DA:256,0
LF:76
LH:0
BRDA:54,0,0,0
BRDA:54,0,1,0
BRDA:54,1,0,0
BRDA:54,1,1,0
BRDA:84,2,0,0
BRDA:84,2,1,0
BRDA:113,3,0,0
BRDA:113,4,0,0
BRDA:113,5,0,0
BRDA:122,6,0,0
BRDA:122,6,1,0
BRDA:125,7,0,0
BRDA:125,7,1,0
BRDA:132,8,0,0
BRDA:132,8,1,0
BRDA:141,9,0,0
BRDA:141,9,1,0
BRDA:152,10,0,0
BRDA:152,10,1,0
BRDA:171,11,0,0
BRDA:171,11,1,0
BRDA:171,12,0,0
BRDA:171,12,1,0
BRDA:171,12,2,0
BRDA:187,13,0,0
BRDA:187,13,1,0
BRDA:196,14,0,0
BRDA:206,15,0,0
BRDA:253,16,0,0
BRDA:253,16,1,0
BRF:30
BRH:0
end_of_record
TN:
SF:services\cron.js
FN:12,checkContractsAndSendReminders
FN:53,checkCalendarEventsAndSendNotifications
FN:70,updateAllContractStatuses
FN:87,autoDeleteOldVoidedEnvelopes
FNF:4
FNH:0
FNDA:0,checkContractsAndSendReminders
FNDA:0,checkCalendarEventsAndSendNotifications
FNDA:0,updateAllContractStatuses
FNDA:0,autoDeleteOldVoidedEnvelopes
DA:2,0
DA:3,0
DA:4,0
DA:5,0
DA:6,0
DA:7,0
DA:9,0
DA:13,0
DA:14,0
DA:15,0
DA:16,0
DA:18,0
DA:19,0
DA:21,0
DA:22,0
DA:24,0
DA:25,0
DA:27,0
DA:28,0
DA:30,0
DA:31,0
DA:33,0
DA:39,0
DA:46,0
DA:48,0
DA:54,0
DA:55,0
DA:56,0
DA:58,0
DA:59,0
DA:60,0
DA:63,0
DA:65,0
DA:71,0
DA:72,0
DA:73,0
DA:75,0
DA:76,0
DA:77,0
DA:80,0
DA:82,0
DA:88,0
DA:89,0
DA:90,0
DA:91,0
DA:94,0
DA:95,0
DA:97,0
DA:99,0
DA:104,0
DA:105,0
DA:106,0
DA:109,0
DA:112,0
DA:113,0
DA:114,0
DA:115,0
DA:119,0
DA:124,0
DA:127,0
DA:128,0
DA:129,0
DA:130,0
DA:131,0
DA:134,0
DA:137,0
DA:138,0
DA:140,0
DA:145,0
LF:69
LH:0
BRDA:22,0,0,0
BRDA:22,0,1,0
BRDA:27,1,0,0
BRDA:27,1,1,0
BRDA:28,2,0,0
BRDA:28,2,1,0
BRDA:30,3,0,0
BRDA:30,3,1,0
BRDA:30,4,0,0
BRDA:30,4,1,0
BRDA:36,5,0,0
BRDA:36,5,1,0
BRDA:104,6,0,0
BRDA:104,6,1,0
BRDA:114,7,0,0
BRDA:114,7,1,0
BRDA:115,8,0,0
BRDA:115,8,1,0
BRDA:127,9,0,0
BRDA:127,9,1,0
BRF:20
BRH:0
end_of_record
TN:
SF:services\cronLogger.js
FN:9,initCronLogger
FN:13,(anonymous_1)
FN:14,(anonymous_2)
FN:15,(anonymous_3)
FN:17,(anonymous_4)
FN:26,startCronJob
FN:49,completeCronJob
FN:73,failCronJob
FN:103,getCronLogs
FN:161,getCronJobStatus
FN:203,withCronLogging
FNF:11
FNH:0
FNDA:0,initCronLogger
FNDA:0,(anonymous_1)
FNDA:0,(anonymous_2)
FNDA:0,(anonymous_3)
FNDA:0,(anonymous_4)
FNDA:0,startCronJob
FNDA:0,completeCronJob
FNDA:0,failCronJob
FNDA:0,getCronLogs
FNDA:0,getCronJobStatus
FNDA:0,withCronLogging
DA:4,0
DA:10,0
DA:11,0
DA:13,0
DA:14,0
DA:15,0
DA:17,0
DA:18,0
DA:27,0
DA:29,0
DA:30,0
DA:38,0
DA:39,0
DA:41,0
DA:42,0
DA:50,0
DA:52,0
DA:53,0
DA:54,0
DA:66,0
DA:74,0
DA:76,0
DA:77,0
DA:78,0
DA:80,0
DA:96,0
DA:104,0
DA:106,0
DA:107,0
DA:109,0
DA:110,0
DA:111,0
DA:113,0
DA:114,0
DA:151,0
DA:153,0
DA:154,0
DA:162,0
DA:164,0
DA:166,0
DA:192,0
DA:194,0
DA:195,0
DA:204,0
DA:206,0
DA:207,0
DA:208,0
DA:209,0
DA:211,0
DA:212,0
DA:216,0
LF:51
LH:0
BRDA:10,0,0,0
BRDA:10,0,1,0
BRDA:26,1,0,0
BRDA:27,2,0,0
BRDA:27,2,1,0
BRDA:35,3,0,0
BRDA:35,3,1,0
BRDA:49,4,0,0
BRDA:50,5,0,0
BRDA:50,5,1,0
BRDA:50,6,0,0
BRDA:50,6,1,0
BRDA:74,7,0,0
BRDA:74,7,1,0
BRDA:74,8,0,0
BRDA:74,8,1,0
BRDA:86,9,0,0
BRDA:86,9,1,0
BRDA:88,10,0,0
BRDA:88,10,1,0
BRDA:89,11,0,0
BRDA:89,11,1,0
BRDA:90,12,0,0
BRDA:90,12,1,0
BRDA:103,13,0,0
BRDA:104,14,0,0
BRDA:104,14,1,0
BRDA:106,15,0,0
BRDA:106,16,0,0
BRDA:106,17,0,0
BRDA:106,18,0,0
BRDA:110,19,0,0
BRDA:110,19,1,0
BRDA:111,20,0,0
BRDA:111,20,1,0
BRDA:162,21,0,0
BRDA:162,21,1,0
BRDA:203,22,0,0
BRDA:208,23,0,0
BRDA:208,23,1,0
BRF:40
BRH:0
end_of_record
TN:
SF:services\emailBounceService.js
FN:52,analyzeBounce
FN:73,(anonymous_1)
FN:79,(anonymous_2)
FN:100,recordBounce
FN:126,updateEmailHealth
FN:209,isEmailActive
FN:223,notifyUserAboutDeactivation
FN:249,reactivateEmail
FN:272,getBounceStats
FN:291,(anonymous_9)
FN:292,(anonymous_10)
FN:300,cleanupOldBounces
FNF:12
FNH:0
FNDA:0,analyzeBounce
FNDA:0,(anonymous_1)
FNDA:0,(anonymous_2)
FNDA:0,recordBounce
FNDA:0,updateEmailHealth
FNDA:0,isEmailActive
FNDA:0,notifyUserAboutDeactivation
FNDA:0,reactivateEmail
FNDA:0,getBounceStats
FNDA:0,(anonymous_9)
FNDA:0,(anonymous_10)
FNDA:0,cleanupOldBounces
DA:4,0
DA:9,0
DA:19,0
DA:41,0
DA:53,0
DA:54,0
DA:57,0
DA:58,0
DA:61,0
DA:63,0
DA:64,0
DA:65,0
DA:66,0
DA:67,0
DA:68,0
DA:72,0
DA:73,0
DA:74,0
DA:78,0
DA:79,0
DA:80,0
DA:83,0
DA:101,0
DA:113,0
DA:116,0
DA:118,0
DA:120,0
DA:127,0
DA:128,0
DA:131,0
DA:133,0
DA:134,0
DA:148,0
DA:149,0
DA:150,0
DA:151,0
DA:156,0
DA:157,0
DA:158,0
DA:159,0
DA:160,0
DA:161,0
DA:162,0
DA:163,0
DA:164,0
DA:165,0
DA:169,0
DA:170,0
DA:172,0
DA:173,0
DA:174,0
DA:175,0
DA:176,0
DA:177,0
DA:178,0
DA:179,0
DA:180,0
DA:183,0
DA:184,0
DA:185,0
DA:186,0
DA:188,0
DA:191,0
DA:194,0
DA:197,0
DA:203,0
DA:210,0
DA:215,0
DA:217,0
DA:224,0
DA:225,0
DA:227,0
DA:229,0
DA:239,0
DA:242,0
DA:250,0
DA:265,0
DA:266,0
DA:273,0
DA:275,0
DA:285,0
DA:289,0
DA:291,0
DA:292,0
DA:301,0
DA:303,0
DA:307,0
DA:308,0
DA:311,0
LF:89
LH:0
BRDA:53,0,0,0
BRDA:53,0,1,0
BRDA:54,1,0,0
BRDA:54,1,1,0
BRDA:54,1,2,0
BRDA:58,2,0,0
BRDA:58,2,1,0
BRDA:63,3,0,0
BRDA:63,3,1,0
BRDA:65,4,0,0
BRDA:65,4,1,0
BRDA:67,5,0,0
BRDA:67,5,1,0
BRDA:73,6,0,0
BRDA:73,6,1,0
BRDA:79,7,0,0
BRDA:79,7,1,0
BRDA:100,8,0,0
BRDA:106,9,0,0
BRDA:106,9,1,0
BRDA:107,10,0,0
BRDA:107,10,1,0
BRDA:108,11,0,0
BRDA:108,11,1,0
BRDA:133,12,0,0
BRDA:133,12,1,0
BRDA:148,13,0,0
BRDA:148,13,1,0
BRDA:150,14,0,0
BRDA:150,14,1,0
BRDA:156,15,0,0
BRDA:156,15,1,0
BRDA:159,16,0,0
BRDA:159,16,1,0
BRDA:163,17,0,0
BRDA:163,17,1,0
BRDA:172,18,0,0
BRDA:172,18,1,0
BRDA:175,19,0,0
BRDA:175,19,1,0
BRDA:178,20,0,0
BRDA:178,20,1,0
BRDA:183,21,0,0
BRDA:183,21,1,0
BRDA:183,22,0,0
BRDA:183,22,1,0
BRDA:215,23,0,0
BRDA:215,23,1,0
BRDA:227,24,0,0
BRDA:227,24,1,0
BRDA:272,25,0,0
BRDA:300,26,0,0
BRF:52
BRH:0
end_of_record
TN:
SF:services\emailRetryService.js
FN:24,queueEmail
FN:64,processEmailQueue
FN:261,markEventAsNotified
FN:282,notifyAdminAboutFailure
FN:337,getQueueStats
FN:374,cleanupOldEmails
FN:389,retryFailedEmail
FNF:7
FNH:0
FNDA:0,queueEmail
FNDA:0,processEmailQueue
FNDA:0,markEventAsNotified
FNDA:0,notifyAdminAboutFailure
FNDA:0,getQueueStats
FNDA:0,cleanupOldEmails
FNDA:0,retryFailedEmail
DA:4,0
DA:5,0
DA:6,0
DA:11,0
DA:25,0
DA:54,0
DA:55,0
DA:57,0
DA:65,0
DA:67,0
DA:70,0
DA:79,0
DA:81,0
DA:82,0
DA:86,0
DA:100,0
DA:102,0
DA:103,0
DA:106,0
DA:107,0
DA:108,0
DA:109,0
DA:113,0
DA:116,0
DA:117,0
DA:118,0
DA:119,0
DA:123,0
DA:127,0
DA:132,0
DA:134,0
DA:137,0
DA:146,0
DA:157,0
DA:158,0
DA:161,0
DA:162,0
DA:166,0
DA:169,0
DA:170,0
DA:176,0
DA:177,0
DA:186,0
DA:187,0
DA:188,0
DA:200,0
DA:201,0
DA:204,0
DA:206,0
DA:218,0
DA:219,0
DA:222,0
DA:223,0
DA:228,0
DA:229,0
DA:231,0
DA:244,0
DA:245,0
DA:251,0
DA:253,0
DA:255,0
DA:262,0
DA:263,0
DA:264,0
DA:275,0
DA:283,0
DA:284,0
DA:287,0
DA:297,0
DA:326,0
DA:327,0
DA:330,0
DA:338,0
DA:347,0
DA:355,0
DA:356,0
DA:357,0
DA:361,0
DA:364,0
DA:365,0
DA:368,0
DA:375,0
DA:377,0
DA:382,0
DA:383,0
DA:390,0
DA:392,0
DA:411,0
DA:414,0
LF:89
LH:0
BRDA:30,0,0,0
BRDA:30,0,1,0
BRDA:33,1,0,0
BRDA:33,1,1,0
BRDA:34,2,0,0
BRDA:34,2,1,0
BRDA:35,3,0,0
BRDA:35,3,1,0
BRDA:81,4,0,0
BRDA:81,4,1,0
BRDA:107,5,0,0
BRDA:107,5,1,0
BRDA:116,6,0,0
BRDA:116,6,1,0
BRDA:117,7,0,0
BRDA:117,7,1,0
BRDA:161,8,0,0
BRDA:161,8,1,0
BRDA:181,9,0,0
BRDA:181,9,1,0
BRDA:186,10,0,0
BRDA:186,10,1,0
BRDA:186,11,0,0
BRDA:186,11,1,0
BRDA:204,12,0,0
BRDA:204,12,1,0
BRDA:222,13,0,0
BRDA:222,13,1,0
BRDA:228,14,0,0
BRDA:228,14,1,0
BRDA:284,15,0,0
BRDA:284,15,1,0
BRDA:309,16,0,0
BRDA:309,16,1,0
BRDA:310,17,0,0
BRDA:310,17,1,0
BRDA:364,18,0,0
BRDA:364,18,1,0
BRDA:374,19,0,0
BRF:39
BRH:0
end_of_record
TN:
SF:services\emailUnsubscribeService.js
FN:24,generateUnsubscribeToken
FN:44,validateUnsubscribeToken
FN:75,generateUnsubscribeUrl
FN:84,generateOneClickUnsubscribeUrl
FN:97,recordUnsubscribe
FN:162,isUnsubscribed
FN:193,resubscribe
FN:237,getUnsubscribeHeaders
FN:250,getUnsubscribeFooterHtml
FN:272,getUnsubscribeStats
FN:296,(anonymous_10)
FN:297,(anonymous_11)
FNF:12
FNH:0
FNDA:0,generateUnsubscribeToken
FNDA:0,validateUnsubscribeToken
FNDA:0,generateUnsubscribeUrl
FNDA:0,generateOneClickUnsubscribeUrl
FNDA:0,recordUnsubscribe
FNDA:0,isUnsubscribed
FNDA:0,resubscribe
FNDA:0,getUnsubscribeHeaders
FNDA:0,getUnsubscribeFooterHtml
FNDA:0,getUnsubscribeStats
FNDA:0,(anonymous_10)
FNDA:0,(anonymous_11)
DA:4,0
DA:5,0
DA:10,0
DA:25,0
DA:26,0
DA:27,0
DA:30,0
DA:36,0
DA:45,0
DA:46,0
DA:47,0
DA:50,0
DA:51,0
DA:53,0
DA:54,0
DA:55,0
DA:58,0
DA:64,0
DA:65,0
DA:76,0
DA:77,0
DA:78,0
DA:85,0
DA:86,0
DA:87,0
DA:98,0
DA:99,0
DA:102,0
DA:114,0
DA:117,0
DA:119,0
DA:120,0
DA:124,0
DA:135,0
DA:150,0
DA:152,0
DA:163,0
DA:166,0
DA:168,0
DA:170,0
DA:173,0
DA:174,0
DA:175,0
DA:180,0
DA:182,0
DA:183,0
DA:184,0
DA:187,0
DA:194,0
DA:195,0
DA:198,0
DA:200,0
DA:201,0
DA:205,0
DA:217,0
DA:220,0
DA:228,0
DA:230,0
DA:238,0
DA:239,0
DA:241,0
DA:251,0
DA:253,0
DA:273,0
DA:275,0
DA:290,0
DA:294,0
DA:296,0
DA:297,0
DA:302,0
LF:70
LH:0
BRDA:24,0,0,0
BRDA:25,1,0,0
BRDA:25,1,1,0
BRDA:25,1,2,0
BRDA:53,2,0,0
BRDA:53,2,1,0
BRDA:75,3,0,0
BRDA:77,4,0,0
BRDA:77,4,1,0
BRDA:84,5,0,0
BRDA:86,6,0,0
BRDA:86,6,1,0
BRDA:97,7,0,0
BRDA:106,8,0,0
BRDA:106,8,1,0
BRDA:107,9,0,0
BRDA:107,9,1,0
BRDA:108,10,0,0
BRDA:108,10,1,0
BRDA:109,11,0,0
BRDA:109,11,1,0
BRDA:119,12,0,0
BRDA:119,12,1,0
BRDA:120,13,0,0
BRDA:120,13,1,0
BRDA:162,14,0,0
BRDA:168,15,0,0
BRDA:168,15,1,0
BRDA:170,16,0,0
BRDA:170,16,1,0
BRDA:173,17,0,0
BRDA:173,17,1,0
BRDA:174,18,0,0
BRDA:174,18,1,0
BRDA:175,19,0,0
BRDA:175,19,1,0
BRDA:182,20,0,0
BRDA:182,20,1,0
BRDA:182,21,0,0
BRDA:182,21,1,0
BRDA:183,22,0,0
BRDA:183,22,1,0
BRDA:184,23,0,0
BRDA:184,23,1,0
BRDA:193,24,0,0
BRDA:200,25,0,0
BRDA:200,25,1,0
BRDA:201,26,0,0
BRDA:201,26,1,0
BRDA:237,27,0,0
BRDA:250,28,0,0
BRDA:272,29,0,0
BRF:52
BRH:0
end_of_record
TN:
SF:services\embeddingService.js
FN:7,(anonymous_0)
FN:21,(anonymous_1)
FN:68,(anonymous_2)
FN:98,(anonymous_3)
FN:111,(anonymous_4)
FN:144,(anonymous_5)
FN:158,(anonymous_6)
FN:201,(anonymous_7)
FN:222,(anonymous_8)
FN:233,(anonymous_9)
FN:234,(anonymous_10)
FNF:11
FNH:0
FNDA:0,(anonymous_0)
FNDA:0,(anonymous_1)
FNDA:0,(anonymous_2)
FNDA:0,(anonymous_3)
FNDA:0,(anonymous_4)
FNDA:0,(anonymous_5)
FNDA:0,(anonymous_6)
FNDA:0,(anonymous_7)
FNDA:0,(anonymous_8)
FNDA:0,(anonymous_9)
FNDA:0,(anonymous_10)
DA:4,0
DA:8,0
DA:9,0
DA:12,0
DA:13,0
DA:22,0
DA:24,0
DA:25,0
DA:27,0
DA:28,0
DA:32,0
DA:33,0
DA:35,0
DA:36,0
DA:37,0
DA:41,0
DA:46,0
DA:49,0
DA:50,0
DA:53,0
DA:55,0
DA:57,0
DA:58,0
DA:69,0
DA:71,0
DA:73,0
DA:74,0
DA:76,0
DA:77,0
DA:78,0
DA:80,0
DA:81,0
DA:84,0
DA:85,0
DA:86,0
DA:88,0
DA:93,0
DA:94,0
DA:96,0
DA:98,0
DA:99,0
DA:101,0
DA:102,0
DA:103,0
DA:106,0
DA:111,0
DA:114,0
DA:115,0
DA:118,0
DA:119,0
DA:123,0
DA:125,0
DA:128,0
DA:129,0
DA:132,0
DA:145,0
DA:147,0
DA:159,0
DA:160,0
DA:163,0
DA:166,0
DA:167,0
DA:171,0
DA:172,0
DA:173,0
DA:175,0
DA:176,0
DA:178,0
DA:180,0
DA:182,0
DA:184,0
DA:185,0
DA:186,0
DA:188,0
DA:193,0
DA:202,0
DA:205,0
DA:208,0
DA:211,0
DA:214,0
DA:216,0
DA:223,0
DA:224,0
DA:225,0
DA:227,0
DA:234,0
DA:238,0
LF:87
LH:0
BRDA:9,0,0,0
BRDA:9,0,1,0
BRDA:27,1,0,0
BRDA:27,1,1,0
BRDA:35,2,0,0
BRDA:35,2,1,0
BRDA:49,3,0,0
BRDA:49,3,1,0
BRDA:69,4,0,0
BRDA:69,4,1,0
BRDA:80,5,0,0
BRDA:80,5,1,0
BRDA:101,6,0,0
BRDA:101,6,1,0
BRDA:114,7,0,0
BRDA:114,7,1,0
BRDA:118,8,0,0
BRDA:118,8,1,0
BRDA:128,9,0,0
BRDA:128,9,1,0
BRDA:128,10,0,0
BRDA:128,10,1,0
BRDA:145,11,0,0
BRDA:145,11,1,0
BRDA:158,12,0,0
BRDA:158,13,0,0
BRDA:159,14,0,0
BRDA:159,14,1,0
BRDA:159,15,0,0
BRDA:159,15,1,0
BRDA:166,16,0,0
BRDA:166,16,1,0
BRDA:178,17,0,0
BRDA:178,17,1,0
BRDA:182,18,0,0
BRDA:182,18,1,0
BRF:36
BRH:0
end_of_record
TN:
SF:services\envelopeCalendarEvents.js
FN:9,createLocalDate
FN:27,generateEventsForEnvelope
FN:172,markEnvelopeAsCompleted
FN:216,deleteEnvelopeEvents
FN:232,getPendingSignersCount
FN:234,(anonymous_5)
FN:240,getPendingSignersText
FN:259,onEnvelopeStatusChange
FNF:8
FNH:0
FNDA:0,createLocalDate
FNDA:0,generateEventsForEnvelope
FNDA:0,markEnvelopeAsCompleted
FNDA:0,deleteEnvelopeEvents
FNDA:0,getPendingSignersCount
FNDA:0,(anonymous_5)
FNDA:0,getPendingSignersText
FNDA:0,onEnvelopeStatusChange
DA:4,0
DA:10,0
DA:11,0
DA:28,0
DA:29,0
DA:31,0
DA:32,0
DA:33,0
DA:36,0
DA:44,0
DA:45,0
DA:46,0
DA:50,0
DA:51,0
DA:52,0
DA:56,0
DA:57,0
DA:58,0
DA:60,0
DA:61,0
DA:87,0
DA:88,0
DA:89,0
DA:91,0
DA:92,0
DA:118,0
DA:120,0
DA:121,0
DA:147,0
DA:149,0
DA:156,0
DA:157,0
DA:159,0
DA:163,0
DA:166,0
DA:173,0
DA:174,0
DA:177,0
DA:184,0
DA:205,0
DA:206,0
DA:209,0
DA:217,0
DA:218,0
DA:223,0
DA:225,0
DA:233,0
DA:234,0
DA:241,0
DA:242,0
DA:244,0
DA:245,0
DA:248,0
DA:249,0
DA:252,0
DA:260,0
DA:261,0
DA:263,0
DA:265,0
DA:266,0
DA:268,0
DA:269,0
DA:271,0
DA:275,0
DA:280,0
LF:65
LH:0
BRDA:40,0,0,0
BRDA:40,0,1,0
BRDA:44,1,0,0
BRDA:44,1,1,0
BRDA:50,2,0,0
BRDA:50,2,1,0
BRDA:60,3,0,0
BRDA:60,3,1,0
BRDA:76,4,0,0
BRDA:76,4,1,0
BRDA:91,5,0,0
BRDA:91,5,1,0
BRDA:107,6,0,0
BRDA:107,6,1,0
BRDA:120,7,0,0
BRDA:120,7,1,0
BRDA:136,8,0,0
BRDA:136,8,1,0
BRDA:147,9,0,0
BRDA:147,9,1,0
BRDA:174,10,0,0
BRDA:174,10,1,0
BRDA:190,11,0,0
BRDA:190,11,1,0
BRDA:198,12,0,0
BRDA:198,12,1,0
BRDA:233,13,0,0
BRDA:233,13,1,0
BRDA:233,14,0,0
BRDA:233,14,1,0
BRDA:242,15,0,0
BRDA:242,15,1,0
BRDA:244,16,0,0
BRDA:244,16,1,0
BRDA:248,17,0,0
BRDA:248,17,1,0
BRDA:263,18,0,0
BRDA:263,18,1,0
BRDA:263,19,0,0
BRDA:263,19,1,0
BRDA:263,19,2,0
BRDA:266,20,0,0
BRDA:266,20,1,0
BRDA:266,21,0,0
BRDA:266,21,1,0
BRDA:269,22,0,0
BRDA:269,22,1,0
BRDA:269,23,0,0
BRDA:269,23,1,0
BRDA:269,23,2,0
BRF:50
BRH:0
end_of_record
TN:
SF:services\errorMonitoring.js
FN:41,initErrorCollection
FN:45,(anonymous_1)
FN:46,(anonymous_2)
FN:47,(anonymous_3)
FN:55,generateFingerprint
FN:68,determineSeverity
FN:94,shouldNotify
FN:125,sendErrorNotification
FN:179,captureError
FN:255,errorHandler
FN:269,(anonymous_10)
FN:287,getErrorStats
FN:328,(anonymous_12)
FN:330,(anonymous_13)
FN:343,resolveError
FNF:15
FNH:6
FNDA:0,initErrorCollection
FNDA:0,(anonymous_1)
FNDA:0,(anonymous_2)
FNDA:0,(anonymous_3)
FNDA:13,generateFingerprint
FNDA:11,determineSeverity
FNDA:11,shouldNotify
FNDA:1,sendErrorNotification
FNDA:13,captureError
FNDA:3,errorHandler
FNDA:0,(anonymous_10)
FNDA:0,getErrorStats
FNDA:0,(anonymous_12)
FNDA:0,(anonymous_13)
FNDA:0,resolveError
DA:4,1
DA:5,1
DA:8,1
DA:9,1
DA:12,1
DA:28,1
DA:36,1
DA:42,0
DA:43,0
DA:45,0
DA:46,0
DA:47,0
DA:48,0
DA:56,13
DA:62,11
DA:70,11
DA:71,0
DA:73,11
DA:74,0
DA:78,11
DA:79,1
DA:83,10
DA:84,8
DA:88,2
DA:95,11
DA:96,11
DA:99,11
DA:100,0
DA:104,11
DA:105,10
DA:109,1
DA:110,0
DA:111,0
DA:114,1
DA:115,0
DA:116,0
DA:119,1
DA:126,1
DA:127,1
DA:128,1
DA:131,0
DA:132,0
DA:134,0
DA:136,0
DA:162,0
DA:168,0
DA:169,0
DA:172,0
DA:180,13
DA:181,13
DA:182,11
DA:183,11
DA:186,11
DA:211,11
DA:212,0
DA:218,0
DA:220,0
DA:227,0
DA:230,0
DA:235,11
DA:238,11
DA:239,1
DA:240,1
DA:243,11
DA:247,2
DA:248,2
DA:257,3
DA:269,3
DA:272,3
DA:273,2
DA:274,2
DA:288,0
DA:289,0
DA:292,0
DA:294,0
DA:325,0
DA:328,0
DA:330,0
DA:344,0
DA:346,0
DA:351,0
DA:354,1
LF:82
LH:46
BRDA:14,0,0,1
BRDA:14,0,1,1
BRDA:14,0,2,1
BRDA:42,1,0,0
BRDA:42,1,1,0
BRDA:55,2,0,0
BRDA:57,3,0,13
BRDA:57,3,1,1
BRDA:58,4,0,11
BRDA:58,4,1,1
BRDA:59,5,0,11
BRDA:59,5,1,3
BRDA:60,6,0,11
BRDA:60,6,1,3
BRDA:68,7,0,0
BRDA:70,8,0,0
BRDA:70,8,1,11
BRDA:70,9,0,11
BRDA:70,9,1,11
BRDA:73,10,0,0
BRDA:73,10,1,11
BRDA:73,11,0,11
BRDA:73,11,1,0
BRDA:78,12,0,1
BRDA:78,12,1,10
BRDA:78,13,0,11
BRDA:78,13,1,10
BRDA:83,14,0,8
BRDA:83,14,1,2
BRDA:83,15,0,10
BRDA:83,15,1,8
BRDA:99,16,0,0
BRDA:99,16,1,11
BRDA:99,17,0,11
BRDA:99,17,1,0
BRDA:104,18,0,10
BRDA:104,18,1,1
BRDA:109,19,0,0
BRDA:109,19,1,1
BRDA:114,20,0,0
BRDA:114,20,1,1
BRDA:126,21,0,1
BRDA:126,21,1,0
BRDA:142,22,0,0
BRDA:142,22,1,0
BRDA:143,23,0,0
BRDA:143,23,1,0
BRDA:145,24,0,0
BRDA:145,24,1,0
BRDA:146,25,0,0
BRDA:146,25,1,0
BRDA:147,26,0,0
BRDA:147,26,1,0
BRDA:151,27,0,0
BRDA:151,27,1,0
BRDA:153,28,0,0
BRDA:153,28,1,0
BRDA:179,29,0,0
BRDA:182,30,0,11
BRDA:182,30,1,11
BRDA:191,31,0,11
BRDA:191,31,1,1
BRDA:192,32,0,11
BRDA:192,32,1,1
BRDA:193,33,0,11
BRDA:193,33,1,1
BRDA:194,34,0,11
BRDA:194,34,1,11
BRDA:197,35,0,11
BRDA:197,35,1,3
BRDA:198,36,0,11
BRDA:198,36,1,3
BRDA:199,37,0,11
BRDA:199,37,1,8
BRDA:200,38,0,11
BRDA:200,38,1,8
BRDA:201,39,0,11
BRDA:201,39,1,8
BRDA:202,40,0,11
BRDA:202,40,1,8
BRDA:203,41,0,3
BRDA:203,41,1,8
BRDA:204,42,0,3
BRDA:204,42,1,8
[...]
DA:110,0
DA:111,0
DA:112,0
DA:113,0
DA:114,0
DA:121,0
DA:122,0
DA:124,0
DA:125,0
DA:126,0
DA:127,0
DA:128,0
DA:130,0
DA:131,0
DA:132,0
DA:135,0
DA:139,0
DA:140,0
DA:141,0
DA:143,0
DA:144,0
DA:147,0
DA:151,0
DA:154,0
DA:161,0
DA:168,0
DA:169,0
DA:170,0
DA:177,0
DA:178,0
DA:179,0
DA:180,0
DA:181,0
DA:182,0
DA:184,0
DA:191,0
DA:194,0
DA:195,0
DA:197,0
DA:199,0
DA:200,0
DA:203,0
DA:212,0
DA:213,0
DA:215,0
DA:224,0
DA:226,0
DA:227,0
DA:230,0
DA:232,0
DA:233,0
DA:234,0
DA:235,0
DA:236,0
DA:239,0
DA:241,0
DA:242,0
DA:246,0
DA:247,0
DA:248,0
DA:249,0
DA:251,0
DA:252,0
DA:254,0
DA:255,0
DA:257,0
DA:258,0
DA:262,0
DA:263,0
DA:265,0
DA:267,0
DA:268,0
DA:270,0
DA:271,0
DA:273,0
DA:274,0
DA:276,0
DA:277,0
DA:279,0
DA:280,0
DA:282,0
DA:287,0
DA:288,0
DA:291,0
DA:292,0
DA:294,0
DA:295,0
DA:296,0
DA:297,0
DA:298,0
DA:299,0
DA:301,0
DA:302,0
DA:305,0
DA:308,0
DA:315,0
DA:317,0
DA:319,0
DA:321,0
DA:323,0
DA:331,0
DA:332,0
DA:335,0
DA:343,0
DA:344,0
DA:345,0
DA:348,0
DA:350,0
DA:380,0
LF:166
LH:0
BRDA:64,0,0,0
BRDA:64,0,1,0
BRDA:64,0,2,0
BRDA:64,0,3,0
BRDA:69,1,0,0
BRDA:69,1,1,0
BRDA:74,2,0,0
BRDA:74,2,1,0
BRDA:74,2,2,0
BRDA:77,3,0,0
BRDA:77,3,1,0
BRDA:86,4,0,0
BRDA:86,4,1,0
BRDA:101,5,0,0
BRDA:101,5,1,0
BRDA:101,6,0,0
BRDA:101,6,1,0
BRDA:109,7,0,0
BRDA:109,7,1,0
BRDA:121,8,0,0
BRDA:121,8,1,0
BRDA:122,9,0,0
BRDA:122,9,1,0
BRDA:124,10,0,0
BRDA:124,10,1,0
BRDA:128,11,0,0
BRDA:128,11,1,0
BRDA:139,12,0,0
BRDA:139,12,1,0
BRDA:139,12,2,0
BRDA:143,13,0,0
BRDA:143,13,1,0
BRDA:191,14,0,0
BRDA:191,14,1,0
BRDA:195,15,0,0
BRDA:195,15,1,0
BRDA:197,16,0,0
BRDA:197,16,1,0
BRDA:197,16,2,0
BRDA:197,16,3,0
BRDA:199,17,0,0
BRDA:199,17,1,0
BRDA:200,18,0,0
BRDA:200,18,1,0
BRDA:212,19,0,0
BRDA:212,19,1,0
BRDA:212,20,0,0
BRDA:212,20,1,0
BRDA:226,21,0,0
BRDA:226,21,1,0
BRDA:230,22,0,0
BRDA:230,22,1,0
BRDA:230,22,2,0
BRDA:230,22,3,0
BRDA:230,22,4,0
BRDA:232,23,0,0
BRDA:232,23,1,0
BRDA:235,24,0,0
BRDA:235,24,1,0
BRDA:236,25,0,0
BRDA:236,25,1,0
BRDA:237,26,0,0
BRDA:237,26,1,0
BRDA:241,27,0,0
BRDA:241,27,1,0
BRDA:246,28,0,0
BRDA:246,28,1,0
BRDA:248,29,0,0
BRDA:248,29,1,0
BRDA:251,30,0,0
BRDA:251,30,1,0
BRDA:254,31,0,0
BRDA:254,31,1,0
BRDA:254,32,0,0
BRDA:254,32,1,0
BRDA:255,33,0,0
BRDA:255,33,1,0
BRDA:257,34,0,0
BRDA:257,34,1,0
BRDA:257,35,0,0
BRDA:257,35,1,0
BRDA:265,36,0,0
BRDA:265,36,1,0
BRDA:265,36,2,0
BRDA:265,36,3,0
BRDA:265,36,4,0
BRDA:265,36,5,0
BRDA:291,37,0,0
BRDA:291,37,1,0
BRDA:292,38,0,0
BRDA:292,38,1,0
BRDA:294,39,0,0
BRDA:294,39,1,0
BRDA:297,40,0,0
BRDA:297,40,1,0
BRDA:315,41,0,0
BRDA:315,41,1,0
BRDA:315,41,2,0
BRDA:315,41,3,0
BRDA:331,42,0,0
BRDA:331,42,1,0
BRDA:343,43,0,0
BRDA:343,43,1,0
BRF:103
BRH:0
end_of_record
TN:
SF:utils\logger.js
FN:38,formatJSON
FN:52,formatConsole
FN:63,(anonymous_2)
FN:79,log
FN:110,(anonymous_4)
FN:111,(anonymous_5)
FN:112,(anonymous_6)
FN:113,(anonymous_7)
FN:114,(anonymous_8)
FN:117,(anonymous_9)
FN:121,(anonymous_10)
FN:147,(anonymous_11)
FN:149,(anonymous_12)
FN:151,(anonymous_13)
FN:153,(anonymous_14)
FN:158,(anonymous_15)
FN:160,(anonymous_16)
FN:162,(anonymous_17)
FN:167,(anonymous_18)
FN:169,(anonymous_19)
FN:171,(anonymous_20)
FN:173,(anonymous_21)
FN:175,(anonymous_22)
FN:180,(anonymous_23)
FN:182,(anonymous_24)
FN:184,(anonymous_25)
FN:186,(anonymous_26)
FN:188,(anonymous_27)
FN:193,(anonymous_28)
FN:195,(anonymous_29)
FN:200,(anonymous_30)
FN:202,(anonymous_31)
FN:204,(anonymous_32)
FNF:33
FNH:0
FNDA:0,formatJSON
FNDA:0,formatConsole
FNDA:0,(anonymous_2)
FNDA:0,log
FNDA:0,(anonymous_4)
FNDA:0,(anonymous_5)
FNDA:0,(anonymous_6)
FNDA:0,(anonymous_7)
FNDA:0,(anonymous_8)
FNDA:0,(anonymous_9)
FNDA:0,(anonymous_10)
FNDA:0,(anonymous_11)
FNDA:0,(anonymous_12)
FNDA:0,(anonymous_13)
FNDA:0,(anonymous_14)
FNDA:0,(anonymous_15)
FNDA:0,(anonymous_16)
FNDA:0,(anonymous_17)
FNDA:0,(anonymous_18)
FNDA:0,(anonymous_19)
FNDA:0,(anonymous_20)
FNDA:0,(anonymous_21)
FNDA:0,(anonymous_22)
FNDA:0,(anonymous_23)
FNDA:0,(anonymous_24)
FNDA:0,(anonymous_25)
FNDA:0,(anonymous_26)
FNDA:0,(anonymous_27)
FNDA:0,(anonymous_28)
FNDA:0,(anonymous_29)
FNDA:0,(anonymous_30)
FNDA:0,(anonymous_31)
FNDA:0,(anonymous_32)
DA:4,0
DA:13,0
DA:17,0
DA:27,0
DA:39,0
DA:53,0
DA:54,0
DA:55,0
DA:56,0
DA:58,0
DA:61,0
DA:62,0
DA:64,0
DA:65,0
DA:67,0
DA:70,0
DA:73,0
DA:81,0
DA:82,0
DA:85,0
DA:86,0
DA:91,0
DA:94,0
DA:95,0
DA:97,0
DA:98,0
DA:100,0
DA:103,0
DA:109,0
DA:110,0
DA:111,0
DA:112,0
DA:113,0
DA:114,0
DA:118,0
DA:121,0
DA:122,0
DA:123,0
DA:133,0
DA:134,0
DA:135,0
DA:136,0
DA:138,0
DA:142,0
DA:148,0
DA:150,0
DA:152,0
DA:154,0
DA:159,0
DA:161,0
DA:163,0
DA:168,0
DA:170,0
DA:172,0
DA:174,0
DA:176,0
DA:181,0
DA:183,0
DA:185,0
DA:187,0
DA:189,0
DA:194,0
DA:196,0
DA:201,0
DA:203,0
DA:205,0
DA:209,0
LF:67
LH:0
BRDA:13,0,0,0
BRDA:13,0,1,0
BRDA:14,1,0,0
BRDA:14,1,1,0
BRDA:38,2,0,0
BRDA:45,3,0,0
BRDA:45,3,1,0
BRDA:52,4,0,0
BRDA:54,5,0,0
BRDA:54,5,1,0
BRDA:55,6,0,0
BRDA:55,6,1,0
BRDA:61,7,0,0
BRDA:61,7,1,0
BRDA:64,8,0,0
BRDA:64,8,1,0
BRDA:79,9,0,0
BRDA:81,10,0,0
BRDA:81,10,1,0
BRDA:86,11,0,0
BRDA:86,11,1,0
BRDA:91,12,0,0
BRDA:91,12,1,0
BRDA:91,12,2,0
BRDA:91,12,3,0
BRDA:125,13,0,0
BRDA:125,13,1,0
BRDA:128,14,0,0
BRDA:128,14,1,0
BRDA:129,15,0,0
BRDA:129,15,1,0
BRDA:133,16,0,0
BRDA:133,16,1,0
BRDA:135,17,0,0
BRDA:135,17,1,0
BRDA:147,18,0,0
BRDA:148,19,0,0
BRDA:148,19,1,0
BRDA:148,20,0,0
BRDA:148,20,1,0
BRDA:149,21,0,0
BRDA:151,22,0,0
BRDA:153,23,0,0
BRDA:158,24,0,0
BRDA:160,25,0,0
BRDA:162,26,0,0
BRDA:167,27,0,0
BRDA:169,28,0,0
BRDA:180,29,0,0
BRDA:182,30,0,0
BRDA:184,31,0,0
BRDA:193,32,0,0
BRDA:195,33,0,0
BRDA:200,34,0,0
BRDA:202,35,0,0
BRDA:204,36,0,0
BRF:56
BRH:0
end_of_record
TN:
SF:utils\normalizeEmail.js
FN:2,normalizeEmail
FNF:1
FNH:1
FNDA:13,normalizeEmail
DA:3,13
DA:6,1
LF:2
LH:2
BRDA:3,0,0,13
BRDA:3,0,1,3
BRF:2
BRH:2
end_of_record
TN:
SF:utils\openaiWithTracking.js
FN:20,(anonymous_0)
FN:42,(anonymous_1)
FN:58,(anonymous_2)
FN:79,(anonymous_3)
FN:92,calculateCost
FN:125,createTrackedOpenAI
FN:131,(anonymous_6)
FN:175,(anonymous_7)
FN:215,(anonymous_8)
FN:217,(anonymous_9)
FNF:10
FNH:3
FNDA:0,(anonymous_0)
FNDA:0,(anonymous_1)
FNDA:0,(anonymous_2)
FNDA:4,(anonymous_3)
FNDA:0,calculateCost
FNDA:0,createTrackedOpenAI
FNDA:0,(anonymous_6)
FNDA:0,(anonymous_7)
FNDA:4,(anonymous_8)
FNDA:5,(anonymous_9)
DA:5,1
DA:8,1
DA:21,0
DA:22,0
DA:25,0
DA:27,0
DA:28,0
DA:29,0
DA:30,0
DA:31,0
DA:32,0
DA:34,0
DA:38,0
DA:43,0
DA:44,0
DA:45,0
DA:46,0
DA:47,0
DA:48,0
DA:49,0
DA:51,0
DA:53,0
DA:59,0
DA:61,0
DA:63,0
DA:64,0
DA:65,0
DA:66,0
DA:69,0
DA:70,0
DA:72,0
DA:73,0
DA:74,0
DA:80,4
DA:93,0
DA:112,0
DA:113,0
DA:114,0
DA:126,0
DA:128,0
DA:132,0
DA:135,0
DA:136,0
DA:137,0
DA:138,0
DA:139,0
DA:140,0
DA:141,0
DA:142,0
DA:145,0
DA:147,0
DA:149,0
DA:150,0
DA:153,0
DA:156,0
DA:157,0
DA:164,0
DA:165,0
DA:177,0
DA:181,0
DA:184,0
DA:188,0
DA:191,0
DA:199,0
DA:200,0
DA:203,0
DA:211,1
DA:215,4
DA:218,5
DA:219,5
DA:220,5
DA:221,5
DA:222,5
LF:73
LH:10
BRDA:21,0,0,0
BRDA:21,0,1,0
BRDA:25,1,0,0
BRDA:25,1,1,0
BRDA:28,2,0,0
BRDA:28,2,1,0
BRDA:43,3,0,0
BRDA:43,3,1,0
BRDA:45,4,0,0
BRDA:45,4,1,0
BRDA:51,5,0,0
BRDA:51,5,1,0
BRDA:61,6,0,0
BRDA:61,6,1,0
BRDA:72,7,0,0
BRDA:72,7,1,0
BRDA:92,8,0,0
BRDA:112,9,0,0
BRDA:112,9,1,0
BRDA:125,10,0,0
BRDA:126,11,0,0
BRDA:135,12,0,0
BRDA:135,12,1,0
BRDA:156,13,0,0
BRDA:156,13,1,0
BRDA:160,14,0,0
BRDA:160,14,1,0
BRDA:166,15,0,0
BRDA:166,15,1,0
BRDA:167,16,0,0
BRDA:167,16,1,0
BRDA:168,17,0,0
BRDA:168,17,1,0
BRDA:188,18,0,0
BRDA:188,18,1,0
BRDA:191,19,0,0
BRDA:191,19,1,0
BRDA:191,19,2,0
BRDA:191,19,3,0
BRDA:191,19,4,0
BRDA:191,19,5,0
BRDA:191,19,6,0
BRDA:199,20,0,0
BRDA:199,20,1,0
BRF:44
BRH:0
end_of_record
TN:
SF:utils\optimizerNormalizer.js
FN:6,(anonymous_0)
FN:48,(anonymous_1)
FN:79,(anonymous_2)
FN:103,(anonymous_3)
FN:137,(anonymous_4)
FN:144,(anonymous_5)
FN:185,(anonymous_6)
FN:202,(anonymous_7)
FN:209,(anonymous_8)
FN:241,(anonymous_9)
FN:249,(anonymous_10)
FN:286,(anonymous_11)
FN:293,(anonymous_12)
FN:299,(anonymous_13)
FN:304,(anonymous_14)
FN:329,(anonymous_15)
FN:351,(anonymous_16)
FN:357,(anonymous_17)
FN:382,(anonymous_18)
FN:389,(anonymous_19)
FN:390,(anonymous_20)
FN:429,(anonymous_21)
FN:443,(anonymous_22)
FN:444,(anonymous_23)
FN:490,(anonymous_24)
FN:494,(anonymous_25)
FN:501,(anonymous_26)
FN:506,(anonymous_27)
FN:511,(anonymous_28)
FN:518,(anonymous_29)
FN:538,(anonymous_30)
FN:545,(anonymous_31)
FN:564,(anonymous_32)
FN:588,(anonymous_33)
FN:602,(anonymous_34)
FN:615,(anonymous_35)
FN:640,(anonymous_36)
FN:655,(anonymous_37)
FN:659,(anonymous_38)
FN:660,(anonymous_39)
FN:668,(anonymous_40)
FN:681,(anonymous_41)
FN:702,(anonymous_42)
FN:716,(anonymous_43)
FN:730,(anonymous_44)
FN:736,(anonymous_45)
FN:751,(anonymous_46)
FN:766,(anonymous_47)
FN:774,(anonymous_48)
FNF:49
FNH:0
FNDA:0,(anonymous_0)
FNDA:0,(anonymous_1)
FNDA:0,(anonymous_2)
FNDA:0,(anonymous_3)
FNDA:0,(anonymous_4)
FNDA:0,(anonymous_5)
FNDA:0,(anonymous_6)
FNDA:0,(anonymous_7)
FNDA:0,(anonymous_8)
FNDA:0,(anonymous_9)
FNDA:0,(anonymous_10)
FNDA:0,(anonymous_11)
FNDA:0,(anonymous_12)
FNDA:0,(anonymous_13)
FNDA:0,(anonymous_14)
FNDA:0,(anonymous_15)
FNDA:0,(anonymous_16)
FNDA:0,(anonymous_17)
FNDA:0,(anonymous_18)
FNDA:0,(anonymous_19)
FNDA:0,(anonymous_20)
FNDA:0,(anonymous_21)
FNDA:0,(anonymous_22)
FNDA:0,(anonymous_23)
FNDA:0,(anonymous_24)
FNDA:0,(anonymous_25)
FNDA:0,(anonymous_26)
FNDA:0,(anonymous_27)
FNDA:0,(anonymous_28)
FNDA:0,(anonymous_29)
FNDA:0,(anonymous_30)
FNDA:0,(anonymous_31)
FNDA:0,(anonymous_32)
FNDA:0,(anonymous_33)
FNDA:0,(anonymous_34)
FNDA:0,(anonymous_35)
FNDA:0,(anonymous_36)
FNDA:0,(anonymous_37)
FNDA:0,(anonymous_38)
FNDA:0,(anonymous_39)
FNDA:0,(anonymous_40)
FNDA:0,(anonymous_41)
FNDA:0,(anonymous_42)
FNDA:0,(anonymous_43)
FNDA:0,(anonymous_44)
FNDA:0,(anonymous_45)
FNDA:0,(anonymous_46)
FNDA:0,(anonymous_47)
FNDA:0,(anonymous_48)
DA:2,0
DA:8,0
DA:9,0
DA:10,0
DA:11,0
DA:13,0
DA:14,0
DA:18,0
DA:27,0
DA:35,0
DA:49,0
DA:52,0
DA:55,0
DA:58,0
DA:61,0
DA:64,0
DA:73,0
DA:75,0
DA:80,0
DA:81,0
DA:84,0
DA:85,0
DA:89,0
DA:90,0
DA:91,0
DA:92,0
DA:94,0
DA:99,0
DA:104,0
DA:107,0
DA:108,0
DA:111,0
DA:112,0
DA:113,0
DA:115,0
DA:116,0
DA:126,0
DA:131,0
DA:137,0
DA:139,0
DA:140,0
DA:143,0
DA:144,0
DA:145,0
DA:146,0
DA:147,0
DA:151,0
DA:152,0
DA:165,0
DA:168,0
DA:169,0
DA:172,0
DA:173,0
DA:174,0
DA:180,0
DA:181,0
DA:186,0
DA:198,0
DA:203,0
DA:204,0
DA:207,0
DA:209,0
DA:210,0
DA:212,0
DA:215,0
DA:217,0
DA:218,0
DA:219,0
DA:221,0
DA:224,0
DA:232,0
DA:233,0
DA:237,0
DA:242,0
DA:243,0
DA:246,0
DA:247,0
DA:249,0
DA:250,0
DA:253,0
DA:256,0
DA:257,0
DA:261,0
DA:262,0
DA:263,0
DA:265,0
DA:267,0
DA:282,0
DA:286,0
DA:287,0
DA:288,0
DA:294,0
DA:296,0
DA:299,0
DA:300,0
DA:304,0
DA:305,0
DA:309,0
DA:310,0
DA:311,0
DA:315,0
DA:318,0
DA:321,0
DA:322,0
DA:325,0
DA:330,0
DA:332,0
DA:335,0
DA:336,0
DA:340,0
DA:343,0
DA:344,0
DA:347,0
DA:352,0
DA:354,0
DA:357,0
DA:358,0
DA:361,0
DA:362,0
DA:364,0
DA:365,0
DA:366,0
DA:370,0
DA:371,0
DA:372,0
DA:373,0
DA:378,0
DA:383,0
DA:384,0
DA:385,0
DA:386,0
DA:387,0
DA:389,0
DA:390,0
DA:391,0
DA:392,0
DA:393,0
DA:395,0
DA:396,0
DA:399,0
DA:400,0
DA:405,0
DA:406,0
DA:409,0
DA:410,0
DA:411,0
DA:412,0
DA:414,0
DA:430,0
DA:440,0
DA:441,0
DA:443,0
DA:444,0
DA:445,0
DA:447,0
DA:448,0
DA:451,0
DA:452,0
DA:454,0
DA:455,0
DA:458,0
DA:459,0
DA:464,0
DA:465,0
DA:466,0
DA:470,0
DA:472,0
DA:473,0
DA:474,0
DA:475,0
DA:476,0
DA:477,0
DA:479,0
DA:491,0
DA:493,0
DA:494,0
DA:502,0
DA:505,0
DA:506,0
DA:512,0
DA:514,0
DA:517,0
DA:518,0
DA:519,0
DA:520,0
DA:525,0
DA:526,0
DA:530,0
DA:531,0
DA:534,0
DA:539,0
DA:541,0
DA:544,0
DA:545,0
DA:546,0
DA:547,0
DA:552,0
DA:553,0
DA:554,0
DA:555,0
DA:556,0
DA:560,0
DA:565,0
DA:567,0
DA:583,0
DA:584,0
DA:589,0
DA:590,0
DA:591,0
DA:593,0
DA:595,0
DA:596,0
DA:597,0
DA:598,0
DA:603,0
DA:610,0
DA:611,0
DA:616,0
DA:635,0
DA:636,0
DA:641,0
DA:650,0
DA:651,0
DA:656,0
DA:658,0
DA:659,0
DA:660,0
DA:669,0
DA:672,0
DA:673,0
DA:674,0
DA:677,0
DA:682,0
DA:689,0
DA:691,0
DA:692,0
DA:693,0
DA:694,0
DA:698,0
DA:703,0
DA:706,0
DA:707,0
DA:708,0
DA:709,0
DA:710,0
DA:712,0
DA:717,0
DA:719,0
DA:720,0
DA:722,0
DA:723,0
DA:726,0
DA:731,0
DA:732,0
DA:737,0
DA:752,0
DA:762,0
DA:764,0
DA:767,0
DA:768,0
DA:770,0
DA:775,0
DA:776,0
LF:263
LH:0
BRDA:48,0,0,0
BRDA:58,1,0,0
BRDA:58,1,1,0
BRDA:80,2,0,0
BRDA:80,2,1,0
BRDA:80,3,0,0
BRDA:80,3,1,0
BRDA:84,4,0,0
BRDA:84,4,1,0
BRDA:90,5,0,0
BRDA:90,5,1,0
BRDA:115,6,0,0
BRDA:115,6,1,0
BRDA:146,7,0,0
BRDA:146,7,1,0
BRDA:146,8,0,0
BRDA:146,8,1,0
BRDA:151,9,0,0
BRDA:151,9,1,0
BRDA:165,10,0,0
BRDA:165,10,1,0
BRDA:168,11,0,0
BRDA:168,11,1,0
BRDA:168,12,0,0
BRDA:168,12,1,0
BRDA:173,13,0,0
BRDA:173,13,1,0
BRDA:187,14,0,0
BRDA:187,14,1,0
BRDA:191,15,0,0
BRDA:191,15,1,0
BRDA:192,16,0,0
BRDA:192,16,1,0
BRDA:193,17,0,0
BRDA:193,17,1,0
BRDA:194,18,0,0
BRDA:194,18,1,0
BRDA:195,19,0,0
BRDA:195,19,1,0
BRDA:203,20,0,0
BRDA:203,20,1,0
BRDA:210,21,0,0
BRDA:210,21,1,0
BRDA:210,22,0,0
BRDA:210,22,1,0
BRDA:215,23,0,0
BRDA:215,23,1,0
BRDA:218,24,0,0
BRDA:218,24,1,0
BRDA:226,25,0,0
BRDA:226,25,1,0
BRDA:228,26,0,0
BRDA:228,26,1,0
BRDA:232,27,0,0
BRDA:232,27,1,0
BRDA:242,28,0,0
BRDA:242,28,1,0
BRDA:250,29,0,0
BRDA:250,29,1,0
BRDA:250,30,0,0
BRDA:250,30,1,0
BRDA:253,31,0,0
BRDA:253,31,1,0
BRDA:256,32,0,0
BRDA:256,32,1,0
BRDA:256,33,0,0
BRDA:256,33,1,0
BRDA:262,34,0,0
BRDA:262,34,1,0
BRDA:268,35,0,0
BRDA:268,35,1,0
BRDA:269,36,0,0
BRDA:269,36,1,0
BRDA:270,37,0,0
BRDA:270,37,1,0
BRDA:272,38,0,0
BRDA:272,38,1,0
BRDA:272,38,2,0
BRDA:274,39,0,0
BRDA:274,39,1,0
BRDA:275,40,0,0
BRDA:275,40,1,0
BRDA:276,41,0,0
BRDA:276,41,1,0
BRDA:288,42,0,0
BRDA:288,42,1,0
BRDA:288,43,0,0
BRDA:288,43,1,0
BRDA:294,44,0,0
BRDA:294,44,1,0
BRDA:294,45,0,0
BRDA:294,45,1,0
BRDA:310,46,0,0
BRDA:310,46,1,0
BRDA:311,47,0,0
BRDA:311,47,1,0
BRDA:311,47,2,0
BRDA:321,48,0,0
BRDA:321,48,1,0
BRDA:330,49,0,0
BRDA:330,49,1,0
BRDA:330,50,0,0
BRDA:330,50,1,0
BRDA:335,51,0,0
BRDA:335,51,1,0
BRDA:335,52,0,0
BRDA:335,52,1,0
BRDA:343,53,0,0
BRDA:343,53,1,0
BRDA:352,54,0,0
BRDA:352,54,1,0
BRDA:352,55,0,0
BRDA:352,55,1,0
BRDA:365,56,0,0
BRDA:365,56,1,0
BRDA:365,57,0,0
BRDA:365,57,1,0
BRDA:370,58,0,0
BRDA:370,58,1,0
BRDA:373,59,0,0
BRDA:373,59,1,0
BRDA:395,60,0,0
BRDA:395,60,1,0
BRDA:395,61,0,0
BRDA:395,61,1,0
BRDA:399,62,0,0
BRDA:399,62,1,0
BRDA:399,63,0,0
BRDA:399,63,1,0
BRDA:399,63,2,0
BRDA:405,64,0,0
BRDA:405,64,1,0
BRDA:406,65,0,0
BRDA:406,65,1,0
BRDA:447,66,0,0
BRDA:447,66,1,0
BRDA:447,67,0,0
BRDA:447,67,1,0
BRDA:452,68,0,0
BRDA:452,68,1,0
BRDA:454,69,0,0
BRDA:454,69,1,0
BRDA:454,70,0,0
BRDA:454,70,1,0
BRDA:458,71,0,0
BRDA:458,71,1,0
BRDA:464,72,0,0
BRDA:464,72,1,0
BRDA:472,73,0,0
BRDA:472,73,1,0
BRDA:473,74,0,0
BRDA:473,74,1,0
BRDA:474,75,0,0
BRDA:474,75,1,0
BRDA:475,76,0,0
BRDA:475,76,1,0
BRDA:476,77,0,0
BRDA:476,77,1,0
BRDA:477,78,0,0
BRDA:477,78,1,0
BRDA:482,79,0,0
BRDA:482,79,1,0
BRDA:483,80,0,0
BRDA:483,80,1,0
BRDA:484,81,0,0
BRDA:484,81,1,0
BRDA:485,82,0,0
BRDA:485,82,1,0
BRDA:491,83,0,0
BRDA:491,83,1,0
BRDA:491,84,0,0
BRDA:491,84,1,0
BRDA:502,85,0,0
BRDA:502,85,1,0
BRDA:502,86,0,0
BRDA:502,86,1,0
BRDA:512,87,0,0
BRDA:512,87,1,0
BRDA:512,88,0,0
BRDA:512,88,1,0
BRDA:519,89,0,0
BRDA:519,89,1,0
BRDA:525,90,0,0
BRDA:525,90,1,0
BRDA:530,91,0,0
BRDA:530,91,1,0
BRDA:539,92,0,0
BRDA:539,92,1,0
BRDA:539,93,0,0
BRDA:539,93,1,0
BRDA:546,94,0,0
BRDA:546,94,1,0
BRDA:553,95,0,0
BRDA:553,95,1,0
BRDA:555,96,0,0
BRDA:555,96,1,0
BRDA:560,97,0,0
BRDA:560,97,1,0
BRDA:565,98,0,0
BRDA:565,98,1,0
BRDA:584,99,0,0
BRDA:584,99,1,0
BRDA:589,100,0,0
BRDA:589,100,1,0
BRDA:590,101,0,0
BRDA:590,101,1,0
BRDA:591,102,0,0
BRDA:591,102,1,0
BRDA:595,103,0,0
BRDA:595,103,1,0
BRDA:595,104,0,0
BRDA:595,104,1,0
BRDA:596,105,0,0
BRDA:596,105,1,0
BRDA:596,106,0,0
BRDA:596,106,1,0
BRDA:597,107,0,0
BRDA:597,107,1,0
BRDA:610,108,0,0
BRDA:610,108,1,0
BRDA:611,109,0,0
BRDA:611,109,1,0
BRDA:635,110,0,0
BRDA:635,110,1,0
BRDA:636,111,0,0
BRDA:636,111,1,0
BRDA:650,112,0,0
BRDA:650,112,1,0
BRDA:651,113,0,0
BRDA:651,113,1,0
BRDA:656,114,0,0
BRDA:656,114,1,0
BRDA:659,115,0,0
BRDA:659,115,1,0
BRDA:661,116,0,0
BRDA:661,116,1,0
BRDA:662,117,0,0
BRDA:662,117,1,0
BRDA:669,118,0,0
BRDA:669,118,1,0
BRDA:669,119,0,0
BRDA:669,119,1,0
BRDA:673,120,0,0
BRDA:673,120,1,0
BRDA:693,121,0,0
BRDA:693,121,1,0
BRDA:703,122,0,0
BRDA:703,122,1,0
BRDA:717,123,0,0
BRDA:717,123,1,0
BRDA:717,124,0,0
BRDA:717,124,1,0
BRDA:722,125,0,0
BRDA:722,125,1,0
BRDA:731,126,0,0
BRDA:731,126,1,0
BRDA:767,127,0,0
BRDA:767,127,1,0
BRF:258
BRH:0
end_of_record
TN:
SF:utils\passwordValidator.js
FN:21,validatePassword
FN:73,getPasswordRequirements
FNF:2
FNH:1
FNDA:11,validatePassword
FNDA:0,getPasswordRequirements
DA:13,1
DA:22,11
DA:25,11
DA:26,3
DA:34,8
DA:35,2
DA:39,8
DA:40,2
DA:44,8
DA:45,1
DA:49,8
DA:50,2
DA:54,8
DA:55,3
DA:62,5
DA:74,0
DA:85,1
LF:17
LH:16
BRDA:25,0,0,3
BRDA:25,0,1,8
BRDA:25,1,0,11
BRDA:25,1,1,8
BRDA:34,2,0,2
BRDA:34,2,1,6
BRDA:39,3,0,2
BRDA:39,3,1,6
BRDA:44,4,0,1
BRDA:44,4,1,7
BRDA:49,5,0,2
BRDA:49,5,1,6
BRDA:54,6,0,3
BRDA:54,6,1,5
BRF:14
BRH:14
end_of_record
TN:
SF:utils\pdfHash.js
FN:23,calculateHash
FN:35,calculatePdfHashFromS3
FN:71,calculatePdfHash
FN:83,verifyHash
FN:92,formatHashForDisplay
FNF:5
FNH:0
FNDA:0,calculateHash
FNDA:0,calculatePdfHashFromS3
FNDA:0,calculatePdfHash
FNDA:0,verifyHash
FNDA:0,formatHashForDisplay
DA:4,0
DA:5,0
DA:8,0
DA:16,0
DA:24,0
DA:36,0
DA:37,0
DA:40,0
DA:45,0
DA:48,0
DA:49,0
DA:50,0
DA:52,0
DA:55,0
DA:57,0
DA:59,0
DA:61,0
DA:62,0
DA:72,0
DA:73,0
DA:74,0
DA:84,0
DA:93,0
DA:94,0
DA:97,0
LF:25
LH:0
BRDA:9,0,0,0
BRDA:9,0,1,0
BRDA:16,1,0,0
BRDA:16,1,1,0
BRDA:93,2,0,0
BRDA:93,2,1,0
BRDA:93,3,0,0
BRDA:93,3,1,0
BRF:8
BRH:0
end_of_record
TN:
SF:utils\sendEmail.js
FN:11,(anonymous_0)
FN:28,(anonymous_1)
FN:36,(anonymous_2)
FN:58,(anonymous_3)
FN:67,(anonymous_4)
FNF:5
FNH:0
FNDA:0,(anonymous_0)
FNDA:0,(anonymous_1)
FNDA:0,(anonymous_2)
FNDA:0,(anonymous_3)
FNDA:0,(anonymous_4)
DA:2,1
DA:5,1
DA:6,1
DA:9,1
DA:11,1
DA:12,0
DA:14,0
DA:15,0
DA:17,0
DA:18,0
DA:19,0
DA:20,0
DA:21,0
DA:23,0
DA:27,0
DA:28,0
DA:32,0
DA:33,0
DA:36,1
DA:38,0
DA:49,0
DA:58,1
DA:60,0
DA:64,0
DA:67,0
DA:70,1
LF:26
LH:8
BRDA:12,0,0,0
BRDA:12,0,1,0
BRDA:12,1,0,0
BRDA:12,1,1,0
BRDA:27,2,0,0
BRDA:27,2,1,0
BRDA:36,3,0,0
BRDA:50,4,0,0
BRDA:50,4,1,0
BRDA:58,5,0,0
BRF:10
BRH:0
end_of_record
TN:
SF:utils\sendEmailHtml.js
FN:27,sendEmailHtml
FN:61,(anonymous_1)
FN:76,(anonymous_2)
FN:87,logEmailSent
FN:111,logEmailFailed
FNF:5
FNH:0
FNDA:0,sendEmailHtml
FNDA:0,(anonymous_1)
FNDA:0,(anonymous_2)
FNDA:0,logEmailSent
FNDA:0,logEmailFailed
DA:4,0
DA:5,0
DA:7,0
DA:28,0
DA:30,0
DA:32,0
DA:37,0
DA:40,0
DA:49,0
DA:50,0
DA:56,0
DA:58,0
DA:61,0
DA:62,0
DA:65,0
DA:68,0
DA:76,0
DA:77,0
DA:80,0
DA:88,0
DA:89,0
DA:90,0
DA:92,0
DA:104,0
DA:112,0
DA:113,0
DA:114,0
DA:116,0
DA:127,0
DA:131,0
LF:30
LH:0
BRDA:27,0,0,0
BRDA:28,1,0,0
BRDA:28,2,0,0
BRDA:32,3,0,0
BRDA:32,3,1,0
BRDA:32,3,2,0
BRDA:33,4,0,0
BRDA:33,4,1,0
BRDA:49,5,0,0
BRDA:49,5,1,0
BRDA:72,6,0,0
BRDA:72,6,1,0
BRDA:72,7,0,0
BRDA:72,7,1,0
BRF:14
BRH:0
end_of_record
TN:
SF:utils\tokenGenerator.js
FN:11,generateSecureToken
FN:27,generateSignerToken
FN:35,generateRevocationToken
FN:44,getTokenExpiry
FN:55,isTokenValid
FN:73,generateOTP
FNF:6
FNH:0
FNDA:0,generateSecureToken
FNDA:0,generateSignerToken
FNDA:0,generateRevocationToken
FNDA:0,getTokenExpiry
FNDA:0,isTokenValid
FNDA:0,generateOTP
DA:4,0
DA:13,0
DA:16,0
DA:28,0
DA:36,0
DA:45,0
DA:46,0
DA:47,0
DA:57,0
DA:58,0
DA:62,0
DA:63,0
DA:66,0
DA:74,0
DA:77,0
LF:15
LH:0
BRDA:11,0,0,0
BRDA:44,1,0,0
BRDA:57,2,0,0
BRDA:57,2,1,0
BRDA:62,3,0,0
BRDA:62,3,1,0
BRF:6
BRH:0
end_of_record
TN:
SF:utils\unsubscribeToken.js
FN:12,generateUnsubscribeToken
FN:29,verifyUnsubscribeToken
FN:59,generateUnsubscribeUrl
FNF:3
FNH:0
FNDA:0,generateUnsubscribeToken
FNDA:0,verifyUnsubscribeToken
FNDA:0,generateUnsubscribeUrl
DA:4,0
DA:6,0
DA:13,0
DA:15,0
DA:16,0
DA:17,0
DA:18,0
DA:21,0
DA:22,0
DA:30,0
DA:32,0
DA:33,0
DA:34,0
DA:36,0
DA:39,0
DA:40,0
DA:41,0
DA:42,0
DA:45,0
DA:46,0
DA:49,0
DA:51,0
DA:52,0
DA:60,0
DA:61,0
DA:63,0
DA:64,0
DA:67,0
LF:28
LH:0
BRDA:6,0,0,0
BRDA:6,0,1,0
BRDA:13,1,0,0
BRDA:13,1,1,0
BRDA:30,2,0,0
BRDA:30,2,1,0
BRDA:36,3,0,0
BRDA:36,3,1,0
BRDA:36,4,0,0
BRDA:36,4,1,0
BRDA:45,5,0,0
BRDA:45,5,1,0
BRDA:61,6,0,0
BRDA:61,6,1,0
BRDA:63,7,0,0
BRDA:63,7,1,0
BRF:16
BRH:0
end_of_record
